{"datetime": "2025-09-29 04:43:08 PM", "level": "INFO", "func_name": "launch", "lineno": 26, "filename": "events.py", "msg": "Launcher will launch evnts after an evnt i set"}
{"datetime": "2025-09-29 04:43:08 PM", "level": "INFO", "func_name": "launch", "lineno": 31, "filename": "events.py", "msg": "Doing an important job and waiting for an event"}
{"datetime": "2025-09-29 04:43:08 PM", "level": "INFO", "func_name": "event_set", "lineno": 44, "filename": "events.py", "msg": "Evnet will be set after 6"}
{"datetime": "2025-09-29 04:43:11 PM", "level": "INFO", "func_name": "launch", "lineno": 31, "filename": "events.py", "msg": "Doing an important job and waiting for an event"}
{"datetime": "2025-09-29 04:43:14 PM", "level": "INFO", "func_name": "event_set", "lineno": 47, "filename": "events.py", "msg": "Evenr is set"}
{"datetime": "2025-09-29 04:43:14 PM", "level": "INFO", "func_name": "launch", "lineno": 33, "filename": "events.py", "msg": "Event cleared launching events"}
{"datetime": "2025-09-29 04:43:14 PM", "level": "INFO", "func_name": "wait", "lineno": 11, "filename": "events.py", "msg": "Event ID:0"}
{"datetime": "2025-09-29 04:43:14 PM", "level": "INFO", "func_name": "wait", "lineno": 16, "filename": "events.py", "msg": "Event ID: 0 set waiting, iteration: 1"}
{"datetime": "2025-09-29 04:43:14 PM", "level": "INFO", "func_name": "wait", "lineno": 11, "filename": "events.py", "msg": "Event ID:1"}
{"datetime": "2025-09-29 04:43:14 PM", "level": "INFO", "func_name": "wait", "lineno": 16, "filename": "events.py", "msg": "Event ID: 1 set waiting, iteration: 1"}
{"datetime": "2025-09-29 04:43:14 PM", "level": "INFO", "func_name": "wait", "lineno": 11, "filename": "events.py", "msg": "Event ID:2"}
{"datetime": "2025-09-29 04:43:14 PM", "level": "INFO", "func_name": "wait", "lineno": 16, "filename": "events.py", "msg": "Event ID: 2 set waiting, iteration: 1"}
{"datetime": "2025-09-29 04:43:14 PM", "level": "INFO", "func_name": "wait", "lineno": 11, "filename": "events.py", "msg": "Event ID:3"}
{"datetime": "2025-09-29 04:43:14 PM", "level": "INFO", "func_name": "wait", "lineno": 16, "filename": "events.py", "msg": "Event ID: 3 set waiting, iteration: 1"}
{"datetime": "2025-09-29 04:43:14 PM", "level": "INFO", "func_name": "wait", "lineno": 11, "filename": "events.py", "msg": "Event ID:4"}
{"datetime": "2025-09-29 04:43:14 PM", "level": "INFO", "func_name": "wait", "lineno": 16, "filename": "events.py", "msg": "Event ID: 4 set waiting, iteration: 1"}
{"datetime": "2025-09-29 04:43:14 PM", "level": "INFO", "func_name": "event_wait", "lineno": 53, "filename": "events.py", "msg": "Will sleep after 29 second(s)"}
{"datetime": "2025-09-29 04:43:15 PM", "level": "INFO", "func_name": "wait", "lineno": 16, "filename": "events.py", "msg": "Event ID: 0 set waiting, iteration: 2"}
{"datetime": "2025-09-29 04:43:15 PM", "level": "INFO", "func_name": "wait", "lineno": 16, "filename": "events.py", "msg": "Event ID: 1 set waiting, iteration: 2"}
{"datetime": "2025-09-29 04:43:15 PM", "level": "INFO", "func_name": "wait", "lineno": 16, "filename": "events.py", "msg": "Event ID: 2 set waiting, iteration: 2"}
{"datetime": "2025-09-29 04:43:15 PM", "level": "INFO", "func_name": "wait", "lineno": 16, "filename": "events.py", "msg": "Event ID: 3 set waiting, iteration: 2"}
{"datetime": "2025-09-29 04:43:15 PM", "level": "INFO", "func_name": "wait", "lineno": 16, "filename": "events.py", "msg": "Event ID: 4 set waiting, iteration: 2"}
{"datetime": "2025-09-29 04:43:15 PM", "level": "INFO", "func_name": "wait", "lineno": 16, "filename": "events.py", "msg": "Event ID: 0 set waiting, iteration: 3"}
{"datetime": "2025-09-29 04:43:15 PM", "level": "INFO", "func_name": "wait", "lineno": 16, "filename": "events.py", "msg": "Event ID: 1 set waiting, iteration: 3"}
{"datetime": "2025-09-29 04:43:15 PM", "level": "INFO", "func_name": "wait", "lineno": 16, "filename": "events.py", "msg": "Event ID: 2 set waiting, iteration: 3"}
{"datetime": "2025-09-29 04:43:15 PM", "level": "INFO", "func_name": "wait", "lineno": 16, "filename": "events.py", "msg": "Event ID: 3 set waiting, iteration: 3"}
{"datetime": "2025-09-29 04:43:15 PM", "level": "INFO", "func_name": "wait", "lineno": 16, "filename": "events.py", "msg": "Event ID: 4 set waiting, iteration: 3"}
{"datetime": "2025-09-29 04:43:16 PM", "level": "INFO", "func_name": "wait", "lineno": 16, "filename": "events.py", "msg": "Event ID: 0 set waiting, iteration: 4"}
{"datetime": "2025-09-29 04:43:16 PM", "level": "INFO", "func_name": "wait", "lineno": 16, "filename": "events.py", "msg": "Event ID: 1 set waiting, iteration: 4"}
{"datetime": "2025-09-29 04:43:16 PM", "level": "INFO", "func_name": "wait", "lineno": 16, "filename": "events.py", "msg": "Event ID: 2 set waiting, iteration: 4"}
{"datetime": "2025-09-29 04:43:16 PM", "level": "INFO", "func_name": "wait", "lineno": 16, "filename": "events.py", "msg": "Event ID: 3 set waiting, iteration: 4"}
{"datetime": "2025-09-29 04:43:16 PM", "level": "INFO", "func_name": "wait", "lineno": 16, "filename": "events.py", "msg": "Event ID: 4 set waiting, iteration: 4"}
{"datetime": "2025-09-29 04:43:16 PM", "level": "INFO", "func_name": "wait", "lineno": 16, "filename": "events.py", "msg": "Event ID: 0 set waiting, iteration: 5"}
{"datetime": "2025-09-29 04:43:16 PM", "level": "INFO", "func_name": "wait", "lineno": 16, "filename": "events.py", "msg": "Event ID: 1 set waiting, iteration: 5"}
{"datetime": "2025-09-29 04:43:16 PM", "level": "INFO", "func_name": "wait", "lineno": 16, "filename": "events.py", "msg": "Event ID: 2 set waiting, iteration: 5"}
{"datetime": "2025-09-29 04:43:16 PM", "level": "INFO", "func_name": "wait", "lineno": 16, "filename": "events.py", "msg": "Event ID: 3 set waiting, iteration: 5"}
{"datetime": "2025-09-29 04:43:16 PM", "level": "INFO", "func_name": "wait", "lineno": 16, "filename": "events.py", "msg": "Event ID: 4 set waiting, iteration: 5"}
{"datetime": "2025-09-29 04:43:17 PM", "level": "INFO", "func_name": "wait", "lineno": 16, "filename": "events.py", "msg": "Event ID: 0 set waiting, iteration: 6"}
{"datetime": "2025-09-29 04:43:17 PM", "level": "INFO", "func_name": "wait", "lineno": 16, "filename": "events.py", "msg": "Event ID: 1 set waiting, iteration: 6"}
{"datetime": "2025-09-29 04:43:17 PM", "level": "INFO", "func_name": "wait", "lineno": 16, "filename": "events.py", "msg": "Event ID: 2 set waiting, iteration: 6"}
{"datetime": "2025-09-29 04:43:17 PM", "level": "INFO", "func_name": "wait", "lineno": 16, "filename": "events.py", "msg": "Event ID: 3 set waiting, iteration: 6"}
{"datetime": "2025-09-29 04:43:17 PM", "level": "INFO", "func_name": "wait", "lineno": 16, "filename": "events.py", "msg": "Event ID: 4 set waiting, iteration: 6"}
{"datetime": "2025-09-29 04:43:17 PM", "level": "INFO", "func_name": "wait", "lineno": 16, "filename": "events.py", "msg": "Event ID: 0 set waiting, iteration: 7"}
{"datetime": "2025-09-29 04:43:18 PM", "level": "INFO", "func_name": "wait", "lineno": 16, "filename": "events.py", "msg": "Event ID: 1 set waiting, iteration: 7"}
{"datetime": "2025-09-29 04:43:18 PM", "level": "INFO", "func_name": "wait", "lineno": 16, "filename": "events.py", "msg": "Event ID: 2 set waiting, iteration: 7"}
{"datetime": "2025-09-29 04:43:18 PM", "level": "INFO", "func_name": "wait", "lineno": 16, "filename": "events.py", "msg": "Event ID: 3 set waiting, iteration: 7"}
{"datetime": "2025-09-29 04:43:18 PM", "level": "INFO", "func_name": "wait", "lineno": 16, "filename": "events.py", "msg": "Event ID: 4 set waiting, iteration: 7"}
{"datetime": "2025-09-29 04:43:18 PM", "level": "INFO", "func_name": "wait", "lineno": 16, "filename": "events.py", "msg": "Event ID: 0 set waiting, iteration: 8"}
{"datetime": "2025-09-29 04:43:18 PM", "level": "INFO", "func_name": "wait", "lineno": 16, "filename": "events.py", "msg": "Event ID: 1 set waiting, iteration: 8"}
{"datetime": "2025-09-29 04:43:18 PM", "level": "INFO", "func_name": "wait", "lineno": 16, "filename": "events.py", "msg": "Event ID: 2 set waiting, iteration: 8"}
{"datetime": "2025-09-29 04:43:18 PM", "level": "INFO", "func_name": "wait", "lineno": 16, "filename": "events.py", "msg": "Event ID: 3 set waiting, iteration: 8"}
{"datetime": "2025-09-29 04:43:18 PM", "level": "INFO", "func_name": "wait", "lineno": 16, "filename": "events.py", "msg": "Event ID: 4 set waiting, iteration: 8"}
{"datetime": "2025-09-29 04:43:19 PM", "level": "INFO", "func_name": "wait", "lineno": 16, "filename": "events.py", "msg": "Event ID: 0 set waiting, iteration: 9"}
{"datetime": "2025-09-29 04:43:19 PM", "level": "INFO", "func_name": "wait", "lineno": 16, "filename": "events.py", "msg": "Event ID: 1 set waiting, iteration: 9"}
{"datetime": "2025-09-29 04:43:19 PM", "level": "INFO", "func_name": "wait", "lineno": 16, "filename": "events.py", "msg": "Event ID: 2 set waiting, iteration: 9"}
{"datetime": "2025-09-29 04:43:19 PM", "level": "INFO", "func_name": "wait", "lineno": 16, "filename": "events.py", "msg": "Event ID: 3 set waiting, iteration: 9"}
{"datetime": "2025-09-29 04:43:19 PM", "level": "INFO", "func_name": "wait", "lineno": 16, "filename": "events.py", "msg": "Event ID: 4 set waiting, iteration: 9"}
{"datetime": "2025-09-29 04:43:19 PM", "level": "INFO", "func_name": "wait", "lineno": 16, "filename": "events.py", "msg": "Event ID: 0 set waiting, iteration: 10"}
{"datetime": "2025-09-29 04:43:19 PM", "level": "INFO", "func_name": "wait", "lineno": 16, "filename": "events.py", "msg": "Event ID: 1 set waiting, iteration: 10"}
{"datetime": "2025-09-29 04:43:19 PM", "level": "INFO", "func_name": "wait", "lineno": 16, "filename": "events.py", "msg": "Event ID: 2 set waiting, iteration: 10"}
{"datetime": "2025-09-29 04:43:19 PM", "level": "INFO", "func_name": "wait", "lineno": 16, "filename": "events.py", "msg": "Event ID: 3 set waiting, iteration: 10"}
{"datetime": "2025-09-29 04:43:19 PM", "level": "INFO", "func_name": "wait", "lineno": 16, "filename": "events.py", "msg": "Event ID: 4 set waiting, iteration: 10"}
{"datetime": "2025-09-29 04:43:20 PM", "level": "INFO", "func_name": "wait", "lineno": 16, "filename": "events.py", "msg": "Event ID: 0 set waiting, iteration: 11"}
{"datetime": "2025-09-29 04:43:20 PM", "level": "INFO", "func_name": "wait", "lineno": 16, "filename": "events.py", "msg": "Event ID: 1 set waiting, iteration: 11"}
{"datetime": "2025-09-29 04:43:20 PM", "level": "INFO", "func_name": "wait", "lineno": 16, "filename": "events.py", "msg": "Event ID: 2 set waiting, iteration: 11"}
{"datetime": "2025-09-29 04:43:20 PM", "level": "INFO", "func_name": "wait", "lineno": 16, "filename": "events.py", "msg": "Event ID: 3 set waiting, iteration: 11"}
{"datetime": "2025-09-29 04:43:20 PM", "level": "INFO", "func_name": "wait", "lineno": 16, "filename": "events.py", "msg": "Event ID: 4 set waiting, iteration: 11"}
{"datetime": "2025-09-29 04:43:20 PM", "level": "INFO", "func_name": "wait", "lineno": 16, "filename": "events.py", "msg": "Event ID: 0 set waiting, iteration: 12"}
{"datetime": "2025-09-29 04:43:20 PM", "level": "INFO", "func_name": "wait", "lineno": 16, "filename": "events.py", "msg": "Event ID: 1 set waiting, iteration: 12"}
{"datetime": "2025-09-29 04:43:20 PM", "level": "INFO", "func_name": "wait", "lineno": 16, "filename": "events.py", "msg": "Event ID: 2 set waiting, iteration: 12"}
{"datetime": "2025-09-29 04:43:20 PM", "level": "INFO", "func_name": "wait", "lineno": 16, "filename": "events.py", "msg": "Event ID: 3 set waiting, iteration: 12"}
{"datetime": "2025-09-29 04:43:20 PM", "level": "INFO", "func_name": "wait", "lineno": 16, "filename": "events.py", "msg": "Event ID: 4 set waiting, iteration: 12"}
{"datetime": "2025-09-29 04:43:21 PM", "level": "INFO", "func_name": "wait", "lineno": 16, "filename": "events.py", "msg": "Event ID: 0 set waiting, iteration: 13"}
{"datetime": "2025-09-29 04:43:21 PM", "level": "INFO", "func_name": "wait", "lineno": 16, "filename": "events.py", "msg": "Event ID: 1 set waiting, iteration: 13"}
{"datetime": "2025-09-29 04:43:21 PM", "level": "INFO", "func_name": "wait", "lineno": 16, "filename": "events.py", "msg": "Event ID: 2 set waiting, iteration: 13"}
{"datetime": "2025-09-29 04:43:21 PM", "level": "INFO", "func_name": "wait", "lineno": 16, "filename": "events.py", "msg": "Event ID: 3 set waiting, iteration: 13"}
{"datetime": "2025-09-29 04:43:21 PM", "level": "INFO", "func_name": "wait", "lineno": 16, "filename": "events.py", "msg": "Event ID: 4 set waiting, iteration: 13"}
{"datetime": "2025-09-29 04:43:21 PM", "level": "INFO", "func_name": "wait", "lineno": 16, "filename": "events.py", "msg": "Event ID: 0 set waiting, iteration: 14"}
{"datetime": "2025-09-29 04:43:21 PM", "level": "INFO", "func_name": "wait", "lineno": 16, "filename": "events.py", "msg": "Event ID: 1 set waiting, iteration: 14"}
{"datetime": "2025-09-29 04:43:21 PM", "level": "INFO", "func_name": "wait", "lineno": 16, "filename": "events.py", "msg": "Event ID: 2 set waiting, iteration: 14"}
{"datetime": "2025-09-29 04:43:21 PM", "level": "INFO", "func_name": "wait", "lineno": 16, "filename": "events.py", "msg": "Event ID: 3 set waiting, iteration: 14"}
{"datetime": "2025-09-29 04:43:21 PM", "level": "INFO", "func_name": "wait", "lineno": 16, "filename": "events.py", "msg": "Event ID: 4 set waiting, iteration: 14"}
{"datetime": "2025-09-29 04:43:22 PM", "level": "INFO", "func_name": "wait", "lineno": 16, "filename": "events.py", "msg": "Event ID: 0 set waiting, iteration: 15"}
{"datetime": "2025-09-29 04:43:22 PM", "level": "INFO", "func_name": "wait", "lineno": 16, "filename": "events.py", "msg": "Event ID: 1 set waiting, iteration: 15"}
{"datetime": "2025-09-29 04:43:22 PM", "level": "INFO", "func_name": "wait", "lineno": 16, "filename": "events.py", "msg": "Event ID: 2 set waiting, iteration: 15"}
{"datetime": "2025-09-29 04:43:22 PM", "level": "INFO", "func_name": "wait", "lineno": 16, "filename": "events.py", "msg": "Event ID: 3 set waiting, iteration: 15"}
{"datetime": "2025-09-29 04:43:22 PM", "level": "INFO", "func_name": "wait", "lineno": 16, "filename": "events.py", "msg": "Event ID: 4 set waiting, iteration: 15"}
{"datetime": "2025-09-29 04:43:22 PM", "level": "INFO", "func_name": "wait", "lineno": 16, "filename": "events.py", "msg": "Event ID: 0 set waiting, iteration: 16"}
{"datetime": "2025-09-29 04:43:22 PM", "level": "INFO", "func_name": "wait", "lineno": 16, "filename": "events.py", "msg": "Event ID: 1 set waiting, iteration: 16"}
{"datetime": "2025-09-29 04:43:22 PM", "level": "INFO", "func_name": "wait", "lineno": 16, "filename": "events.py", "msg": "Event ID: 2 set waiting, iteration: 16"}
{"datetime": "2025-09-29 04:43:22 PM", "level": "INFO", "func_name": "wait", "lineno": 16, "filename": "events.py", "msg": "Event ID: 3 set waiting, iteration: 16"}
{"datetime": "2025-09-29 04:43:22 PM", "level": "INFO", "func_name": "wait", "lineno": 16, "filename": "events.py", "msg": "Event ID: 4 set waiting, iteration: 16"}
{"datetime": "2025-09-29 04:43:23 PM", "level": "INFO", "func_name": "wait", "lineno": 16, "filename": "events.py", "msg": "Event ID: 0 set waiting, iteration: 17"}
{"datetime": "2025-09-29 04:43:23 PM", "level": "INFO", "func_name": "wait", "lineno": 16, "filename": "events.py", "msg": "Event ID: 1 set waiting, iteration: 17"}
{"datetime": "2025-09-29 04:43:23 PM", "level": "INFO", "func_name": "wait", "lineno": 16, "filename": "events.py", "msg": "Event ID: 2 set waiting, iteration: 17"}
{"datetime": "2025-09-29 04:43:23 PM", "level": "INFO", "func_name": "wait", "lineno": 16, "filename": "events.py", "msg": "Event ID: 3 set waiting, iteration: 17"}
{"datetime": "2025-09-29 04:43:23 PM", "level": "INFO", "func_name": "wait", "lineno": 16, "filename": "events.py", "msg": "Event ID: 4 set waiting, iteration: 17"}
{"datetime": "2025-09-29 04:43:23 PM", "level": "INFO", "func_name": "wait", "lineno": 16, "filename": "events.py", "msg": "Event ID: 0 set waiting, iteration: 18"}
{"datetime": "2025-09-29 04:43:23 PM", "level": "INFO", "func_name": "wait", "lineno": 16, "filename": "events.py", "msg": "Event ID: 1 set waiting, iteration: 18"}
{"datetime": "2025-09-29 04:43:23 PM", "level": "INFO", "func_name": "wait", "lineno": 16, "filename": "events.py", "msg": "Event ID: 2 set waiting, iteration: 18"}
{"datetime": "2025-09-29 04:43:23 PM", "level": "INFO", "func_name": "wait", "lineno": 16, "filename": "events.py", "msg": "Event ID: 3 set waiting, iteration: 18"}
{"datetime": "2025-09-29 04:43:23 PM", "level": "INFO", "func_name": "wait", "lineno": 16, "filename": "events.py", "msg": "Event ID: 4 set waiting, iteration: 18"}
{"datetime": "2025-09-29 04:43:24 PM", "level": "INFO", "func_name": "wait", "lineno": 16, "filename": "events.py", "msg": "Event ID: 0 set waiting, iteration: 19"}
{"datetime": "2025-09-29 04:43:24 PM", "level": "INFO", "func_name": "wait", "lineno": 16, "filename": "events.py", "msg": "Event ID: 1 set waiting, iteration: 19"}
{"datetime": "2025-09-29 04:43:24 PM", "level": "INFO", "func_name": "wait", "lineno": 16, "filename": "events.py", "msg": "Event ID: 2 set waiting, iteration: 19"}
{"datetime": "2025-09-29 04:43:24 PM", "level": "INFO", "func_name": "wait", "lineno": 16, "filename": "events.py", "msg": "Event ID: 3 set waiting, iteration: 19"}
{"datetime": "2025-09-29 04:43:24 PM", "level": "INFO", "func_name": "wait", "lineno": 16, "filename": "events.py", "msg": "Event ID: 4 set waiting, iteration: 19"}
{"datetime": "2025-09-29 04:43:24 PM", "level": "INFO", "func_name": "wait", "lineno": 16, "filename": "events.py", "msg": "Event ID: 0 set waiting, iteration: 20"}
{"datetime": "2025-09-29 04:43:24 PM", "level": "INFO", "func_name": "wait", "lineno": 16, "filename": "events.py", "msg": "Event ID: 1 set waiting, iteration: 20"}
{"datetime": "2025-09-29 04:43:24 PM", "level": "INFO", "func_name": "wait", "lineno": 16, "filename": "events.py", "msg": "Event ID: 2 set waiting, iteration: 20"}
{"datetime": "2025-09-29 04:43:24 PM", "level": "INFO", "func_name": "wait", "lineno": 16, "filename": "events.py", "msg": "Event ID: 3 set waiting, iteration: 20"}
{"datetime": "2025-09-29 04:43:24 PM", "level": "INFO", "func_name": "wait", "lineno": 16, "filename": "events.py", "msg": "Event ID: 4 set waiting, iteration: 20"}
{"datetime": "2025-09-29 04:43:25 PM", "level": "INFO", "func_name": "wait", "lineno": 16, "filename": "events.py", "msg": "Event ID: 0 set waiting, iteration: 21"}
{"datetime": "2025-09-29 04:43:25 PM", "level": "INFO", "func_name": "wait", "lineno": 16, "filename": "events.py", "msg": "Event ID: 1 set waiting, iteration: 21"}
{"datetime": "2025-09-29 04:43:25 PM", "level": "INFO", "func_name": "wait", "lineno": 16, "filename": "events.py", "msg": "Event ID: 2 set waiting, iteration: 21"}
{"datetime": "2025-09-29 04:43:25 PM", "level": "INFO", "func_name": "wait", "lineno": 16, "filename": "events.py", "msg": "Event ID: 3 set waiting, iteration: 21"}
{"datetime": "2025-09-29 04:43:25 PM", "level": "INFO", "func_name": "wait", "lineno": 16, "filename": "events.py", "msg": "Event ID: 4 set waiting, iteration: 21"}
{"datetime": "2025-09-29 04:43:25 PM", "level": "INFO", "func_name": "wait", "lineno": 16, "filename": "events.py", "msg": "Event ID: 0 set waiting, iteration: 22"}
{"datetime": "2025-09-29 04:43:25 PM", "level": "INFO", "func_name": "wait", "lineno": 16, "filename": "events.py", "msg": "Event ID: 1 set waiting, iteration: 22"}
{"datetime": "2025-09-29 04:43:25 PM", "level": "INFO", "func_name": "wait", "lineno": 16, "filename": "events.py", "msg": "Event ID: 2 set waiting, iteration: 22"}
{"datetime": "2025-09-29 04:43:25 PM", "level": "INFO", "func_name": "wait", "lineno": 16, "filename": "events.py", "msg": "Event ID: 3 set waiting, iteration: 22"}
{"datetime": "2025-09-29 04:43:25 PM", "level": "INFO", "func_name": "wait", "lineno": 16, "filename": "events.py", "msg": "Event ID: 4 set waiting, iteration: 22"}
{"datetime": "2025-09-29 04:43:26 PM", "level": "INFO", "func_name": "wait", "lineno": 16, "filename": "events.py", "msg": "Event ID: 0 set waiting, iteration: 23"}
{"datetime": "2025-09-29 04:43:26 PM", "level": "INFO", "func_name": "wait", "lineno": 16, "filename": "events.py", "msg": "Event ID: 1 set waiting, iteration: 23"}
{"datetime": "2025-09-29 04:43:26 PM", "level": "INFO", "func_name": "wait", "lineno": 16, "filename": "events.py", "msg": "Event ID: 2 set waiting, iteration: 23"}
{"datetime": "2025-09-29 04:43:26 PM", "level": "INFO", "func_name": "wait", "lineno": 16, "filename": "events.py", "msg": "Event ID: 3 set waiting, iteration: 23"}
{"datetime": "2025-09-29 04:43:26 PM", "level": "INFO", "func_name": "wait", "lineno": 16, "filename": "events.py", "msg": "Event ID: 4 set waiting, iteration: 23"}
{"datetime": "2025-09-29 04:43:26 PM", "level": "INFO", "func_name": "wait", "lineno": 16, "filename": "events.py", "msg": "Event ID: 0 set waiting, iteration: 24"}
{"datetime": "2025-09-29 04:43:26 PM", "level": "INFO", "func_name": "wait", "lineno": 16, "filename": "events.py", "msg": "Event ID: 1 set waiting, iteration: 24"}
{"datetime": "2025-09-29 04:43:26 PM", "level": "INFO", "func_name": "wait", "lineno": 16, "filename": "events.py", "msg": "Event ID: 2 set waiting, iteration: 24"}
{"datetime": "2025-09-29 04:43:26 PM", "level": "INFO", "func_name": "wait", "lineno": 16, "filename": "events.py", "msg": "Event ID: 3 set waiting, iteration: 24"}
{"datetime": "2025-09-29 04:43:26 PM", "level": "INFO", "func_name": "wait", "lineno": 16, "filename": "events.py", "msg": "Event ID: 4 set waiting, iteration: 24"}
{"datetime": "2025-09-29 04:43:27 PM", "level": "INFO", "func_name": "wait", "lineno": 16, "filename": "events.py", "msg": "Event ID: 0 set waiting, iteration: 25"}
{"datetime": "2025-09-29 04:43:27 PM", "level": "INFO", "func_name": "wait", "lineno": 16, "filename": "events.py", "msg": "Event ID: 1 set waiting, iteration: 25"}
{"datetime": "2025-09-29 04:43:27 PM", "level": "INFO", "func_name": "wait", "lineno": 16, "filename": "events.py", "msg": "Event ID: 2 set waiting, iteration: 25"}
{"datetime": "2025-09-29 04:43:27 PM", "level": "INFO", "func_name": "wait", "lineno": 16, "filename": "events.py", "msg": "Event ID: 3 set waiting, iteration: 25"}
{"datetime": "2025-09-29 04:43:27 PM", "level": "INFO", "func_name": "wait", "lineno": 16, "filename": "events.py", "msg": "Event ID: 4 set waiting, iteration: 25"}
{"datetime": "2025-09-29 04:43:27 PM", "level": "INFO", "func_name": "wait", "lineno": 16, "filename": "events.py", "msg": "Event ID: 0 set waiting, iteration: 26"}
{"datetime": "2025-09-29 04:43:27 PM", "level": "INFO", "func_name": "wait", "lineno": 16, "filename": "events.py", "msg": "Event ID: 1 set waiting, iteration: 26"}
{"datetime": "2025-09-29 04:43:27 PM", "level": "INFO", "func_name": "wait", "lineno": 16, "filename": "events.py", "msg": "Event ID: 2 set waiting, iteration: 26"}
{"datetime": "2025-09-29 04:43:27 PM", "level": "INFO", "func_name": "wait", "lineno": 16, "filename": "events.py", "msg": "Event ID: 3 set waiting, iteration: 26"}
{"datetime": "2025-09-29 04:43:27 PM", "level": "INFO", "func_name": "wait", "lineno": 16, "filename": "events.py", "msg": "Event ID: 4 set waiting, iteration: 26"}
{"datetime": "2025-09-29 04:43:28 PM", "level": "INFO", "func_name": "wait", "lineno": 16, "filename": "events.py", "msg": "Event ID: 0 set waiting, iteration: 27"}
{"datetime": "2025-09-29 04:43:28 PM", "level": "INFO", "func_name": "wait", "lineno": 16, "filename": "events.py", "msg": "Event ID: 1 set waiting, iteration: 27"}
{"datetime": "2025-09-29 04:43:28 PM", "level": "INFO", "func_name": "wait", "lineno": 16, "filename": "events.py", "msg": "Event ID: 2 set waiting, iteration: 27"}
{"datetime": "2025-09-29 04:43:28 PM", "level": "INFO", "func_name": "wait", "lineno": 16, "filename": "events.py", "msg": "Event ID: 3 set waiting, iteration: 27"}
{"datetime": "2025-09-29 04:43:28 PM", "level": "INFO", "func_name": "wait", "lineno": 16, "filename": "events.py", "msg": "Event ID: 4 set waiting, iteration: 27"}
{"datetime": "2025-09-29 04:43:28 PM", "level": "INFO", "func_name": "wait", "lineno": 16, "filename": "events.py", "msg": "Event ID: 0 set waiting, iteration: 28"}
{"datetime": "2025-09-29 04:43:28 PM", "level": "INFO", "func_name": "wait", "lineno": 16, "filename": "events.py", "msg": "Event ID: 1 set waiting, iteration: 28"}
{"datetime": "2025-09-29 04:43:28 PM", "level": "INFO", "func_name": "wait", "lineno": 16, "filename": "events.py", "msg": "Event ID: 2 set waiting, iteration: 28"}
{"datetime": "2025-09-29 04:43:28 PM", "level": "INFO", "func_name": "wait", "lineno": 16, "filename": "events.py", "msg": "Event ID: 3 set waiting, iteration: 28"}
{"datetime": "2025-09-29 04:43:28 PM", "level": "INFO", "func_name": "wait", "lineno": 16, "filename": "events.py", "msg": "Event ID: 4 set waiting, iteration: 28"}
{"datetime": "2025-09-29 04:43:29 PM", "level": "INFO", "func_name": "wait", "lineno": 16, "filename": "events.py", "msg": "Event ID: 0 set waiting, iteration: 29"}
{"datetime": "2025-09-29 04:43:29 PM", "level": "INFO", "func_name": "wait", "lineno": 16, "filename": "events.py", "msg": "Event ID: 1 set waiting, iteration: 29"}
{"datetime": "2025-09-29 04:43:29 PM", "level": "INFO", "func_name": "wait", "lineno": 16, "filename": "events.py", "msg": "Event ID: 2 set waiting, iteration: 29"}
{"datetime": "2025-09-29 04:43:29 PM", "level": "INFO", "func_name": "wait", "lineno": 16, "filename": "events.py", "msg": "Event ID: 3 set waiting, iteration: 29"}
{"datetime": "2025-09-29 04:43:29 PM", "level": "INFO", "func_name": "wait", "lineno": 16, "filename": "events.py", "msg": "Event ID: 4 set waiting, iteration: 29"}
{"datetime": "2025-09-29 04:43:29 PM", "level": "INFO", "func_name": "wait", "lineno": 16, "filename": "events.py", "msg": "Event ID: 0 set waiting, iteration: 30"}
{"datetime": "2025-09-29 04:43:29 PM", "level": "INFO", "func_name": "wait", "lineno": 16, "filename": "events.py", "msg": "Event ID: 1 set waiting, iteration: 30"}
{"datetime": "2025-09-29 04:43:29 PM", "level": "INFO", "func_name": "wait", "lineno": 16, "filename": "events.py", "msg": "Event ID: 2 set waiting, iteration: 30"}
{"datetime": "2025-09-29 04:43:29 PM", "level": "INFO", "func_name": "wait", "lineno": 16, "filename": "events.py", "msg": "Event ID: 3 set waiting, iteration: 30"}
{"datetime": "2025-09-29 04:43:29 PM", "level": "INFO", "func_name": "wait", "lineno": 16, "filename": "events.py", "msg": "Event ID: 4 set waiting, iteration: 30"}
{"datetime": "2025-09-29 04:43:30 PM", "level": "INFO", "func_name": "wait", "lineno": 16, "filename": "events.py", "msg": "Event ID: 0 set waiting, iteration: 31"}
{"datetime": "2025-09-29 04:43:30 PM", "level": "INFO", "func_name": "wait", "lineno": 16, "filename": "events.py", "msg": "Event ID: 1 set waiting, iteration: 31"}
{"datetime": "2025-09-29 04:43:30 PM", "level": "INFO", "func_name": "wait", "lineno": 16, "filename": "events.py", "msg": "Event ID: 2 set waiting, iteration: 31"}
{"datetime": "2025-09-29 04:43:30 PM", "level": "INFO", "func_name": "wait", "lineno": 16, "filename": "events.py", "msg": "Event ID: 3 set waiting, iteration: 31"}
{"datetime": "2025-09-29 04:43:30 PM", "level": "INFO", "func_name": "wait", "lineno": 16, "filename": "events.py", "msg": "Event ID: 4 set waiting, iteration: 31"}
{"datetime": "2025-09-29 04:43:30 PM", "level": "INFO", "func_name": "wait", "lineno": 16, "filename": "events.py", "msg": "Event ID: 0 set waiting, iteration: 32"}
{"datetime": "2025-09-29 04:43:30 PM", "level": "INFO", "func_name": "wait", "lineno": 16, "filename": "events.py", "msg": "Event ID: 1 set waiting, iteration: 32"}
{"datetime": "2025-09-29 04:43:30 PM", "level": "INFO", "func_name": "wait", "lineno": 16, "filename": "events.py", "msg": "Event ID: 2 set waiting, iteration: 32"}
{"datetime": "2025-09-29 04:43:30 PM", "level": "INFO", "func_name": "wait", "lineno": 16, "filename": "events.py", "msg": "Event ID: 3 set waiting, iteration: 32"}
{"datetime": "2025-09-29 04:43:30 PM", "level": "INFO", "func_name": "wait", "lineno": 16, "filename": "events.py", "msg": "Event ID: 4 set waiting, iteration: 32"}
{"datetime": "2025-09-29 04:43:31 PM", "level": "INFO", "func_name": "wait", "lineno": 16, "filename": "events.py", "msg": "Event ID: 0 set waiting, iteration: 33"}
{"datetime": "2025-09-29 04:43:31 PM", "level": "INFO", "func_name": "wait", "lineno": 16, "filename": "events.py", "msg": "Event ID: 1 set waiting, iteration: 33"}
{"datetime": "2025-09-29 04:43:31 PM", "level": "INFO", "func_name": "wait", "lineno": 16, "filename": "events.py", "msg": "Event ID: 2 set waiting, iteration: 33"}
{"datetime": "2025-09-29 04:43:31 PM", "level": "INFO", "func_name": "wait", "lineno": 16, "filename": "events.py", "msg": "Event ID: 3 set waiting, iteration: 33"}
{"datetime": "2025-09-29 04:43:31 PM", "level": "INFO", "func_name": "wait", "lineno": 16, "filename": "events.py", "msg": "Event ID: 4 set waiting, iteration: 33"}
{"datetime": "2025-09-29 04:43:31 PM", "level": "INFO", "func_name": "wait", "lineno": 16, "filename": "events.py", "msg": "Event ID: 0 set waiting, iteration: 34"}
{"datetime": "2025-09-29 04:43:31 PM", "level": "INFO", "func_name": "wait", "lineno": 16, "filename": "events.py", "msg": "Event ID: 1 set waiting, iteration: 34"}
{"datetime": "2025-09-29 04:43:31 PM", "level": "INFO", "func_name": "wait", "lineno": 16, "filename": "events.py", "msg": "Event ID: 2 set waiting, iteration: 34"}
{"datetime": "2025-09-29 04:43:31 PM", "level": "INFO", "func_name": "wait", "lineno": 16, "filename": "events.py", "msg": "Event ID: 3 set waiting, iteration: 34"}
{"datetime": "2025-09-29 04:43:31 PM", "level": "INFO", "func_name": "wait", "lineno": 16, "filename": "events.py", "msg": "Event ID: 4 set waiting, iteration: 34"}
{"datetime": "2025-09-29 04:43:32 PM", "level": "INFO", "func_name": "wait", "lineno": 16, "filename": "events.py", "msg": "Event ID: 0 set waiting, iteration: 35"}
{"datetime": "2025-09-29 04:43:32 PM", "level": "INFO", "func_name": "wait", "lineno": 16, "filename": "events.py", "msg": "Event ID: 1 set waiting, iteration: 35"}
{"datetime": "2025-09-29 04:43:32 PM", "level": "INFO", "func_name": "wait", "lineno": 16, "filename": "events.py", "msg": "Event ID: 2 set waiting, iteration: 35"}
{"datetime": "2025-09-29 04:43:32 PM", "level": "INFO", "func_name": "wait", "lineno": 16, "filename": "events.py", "msg": "Event ID: 3 set waiting, iteration: 35"}
{"datetime": "2025-09-29 04:43:32 PM", "level": "INFO", "func_name": "wait", "lineno": 16, "filename": "events.py", "msg": "Event ID: 4 set waiting, iteration: 35"}
{"datetime": "2025-09-29 04:43:32 PM", "level": "INFO", "func_name": "wait", "lineno": 16, "filename": "events.py", "msg": "Event ID: 0 set waiting, iteration: 36"}
{"datetime": "2025-09-29 04:43:32 PM", "level": "INFO", "func_name": "wait", "lineno": 16, "filename": "events.py", "msg": "Event ID: 1 set waiting, iteration: 36"}
{"datetime": "2025-09-29 04:43:32 PM", "level": "INFO", "func_name": "wait", "lineno": 16, "filename": "events.py", "msg": "Event ID: 2 set waiting, iteration: 36"}
{"datetime": "2025-09-29 04:43:32 PM", "level": "INFO", "func_name": "wait", "lineno": 16, "filename": "events.py", "msg": "Event ID: 3 set waiting, iteration: 36"}
{"datetime": "2025-09-29 04:43:32 PM", "level": "INFO", "func_name": "wait", "lineno": 16, "filename": "events.py", "msg": "Event ID: 4 set waiting, iteration: 36"}
{"datetime": "2025-09-29 04:43:33 PM", "level": "INFO", "func_name": "wait", "lineno": 16, "filename": "events.py", "msg": "Event ID: 0 set waiting, iteration: 37"}
{"datetime": "2025-09-29 04:43:33 PM", "level": "INFO", "func_name": "wait", "lineno": 16, "filename": "events.py", "msg": "Event ID: 1 set waiting, iteration: 37"}
{"datetime": "2025-09-29 04:43:33 PM", "level": "INFO", "func_name": "wait", "lineno": 16, "filename": "events.py", "msg": "Event ID: 2 set waiting, iteration: 37"}
{"datetime": "2025-09-29 04:43:33 PM", "level": "INFO", "func_name": "wait", "lineno": 16, "filename": "events.py", "msg": "Event ID: 3 set waiting, iteration: 37"}
{"datetime": "2025-09-29 04:43:33 PM", "level": "INFO", "func_name": "wait", "lineno": 16, "filename": "events.py", "msg": "Event ID: 4 set waiting, iteration: 37"}
{"datetime": "2025-09-29 04:43:33 PM", "level": "INFO", "func_name": "wait", "lineno": 16, "filename": "events.py", "msg": "Event ID: 0 set waiting, iteration: 38"}
{"datetime": "2025-09-29 04:43:33 PM", "level": "INFO", "func_name": "wait", "lineno": 16, "filename": "events.py", "msg": "Event ID: 1 set waiting, iteration: 38"}
{"datetime": "2025-09-29 04:43:33 PM", "level": "INFO", "func_name": "wait", "lineno": 16, "filename": "events.py", "msg": "Event ID: 2 set waiting, iteration: 38"}
{"datetime": "2025-09-29 04:43:33 PM", "level": "INFO", "func_name": "wait", "lineno": 16, "filename": "events.py", "msg": "Event ID: 3 set waiting, iteration: 38"}
{"datetime": "2025-09-29 04:43:33 PM", "level": "INFO", "func_name": "wait", "lineno": 16, "filename": "events.py", "msg": "Event ID: 4 set waiting, iteration: 38"}
{"datetime": "2025-09-29 04:43:34 PM", "level": "INFO", "func_name": "wait", "lineno": 16, "filename": "events.py", "msg": "Event ID: 0 set waiting, iteration: 39"}
{"datetime": "2025-09-29 04:43:34 PM", "level": "INFO", "func_name": "wait", "lineno": 16, "filename": "events.py", "msg": "Event ID: 1 set waiting, iteration: 39"}
{"datetime": "2025-09-29 04:43:34 PM", "level": "INFO", "func_name": "wait", "lineno": 16, "filename": "events.py", "msg": "Event ID: 2 set waiting, iteration: 39"}
{"datetime": "2025-09-29 04:43:34 PM", "level": "INFO", "func_name": "wait", "lineno": 16, "filename": "events.py", "msg": "Event ID: 3 set waiting, iteration: 39"}
{"datetime": "2025-09-29 04:43:34 PM", "level": "INFO", "func_name": "wait", "lineno": 16, "filename": "events.py", "msg": "Event ID: 4 set waiting, iteration: 39"}
{"datetime": "2025-09-29 04:43:34 PM", "level": "INFO", "func_name": "wait", "lineno": 16, "filename": "events.py", "msg": "Event ID: 0 set waiting, iteration: 40"}
{"datetime": "2025-09-29 04:43:34 PM", "level": "INFO", "func_name": "wait", "lineno": 16, "filename": "events.py", "msg": "Event ID: 1 set waiting, iteration: 40"}
{"datetime": "2025-09-29 04:43:34 PM", "level": "INFO", "func_name": "wait", "lineno": 16, "filename": "events.py", "msg": "Event ID: 2 set waiting, iteration: 40"}
{"datetime": "2025-09-29 04:43:34 PM", "level": "INFO", "func_name": "wait", "lineno": 16, "filename": "events.py", "msg": "Event ID: 3 set waiting, iteration: 40"}
{"datetime": "2025-09-29 04:43:34 PM", "level": "INFO", "func_name": "wait", "lineno": 16, "filename": "events.py", "msg": "Event ID: 4 set waiting, iteration: 40"}
{"datetime": "2025-09-29 04:43:35 PM", "level": "INFO", "func_name": "wait", "lineno": 16, "filename": "events.py", "msg": "Event ID: 0 set waiting, iteration: 41"}
{"datetime": "2025-09-29 04:43:35 PM", "level": "INFO", "func_name": "wait", "lineno": 16, "filename": "events.py", "msg": "Event ID: 1 set waiting, iteration: 41"}
{"datetime": "2025-09-29 04:43:35 PM", "level": "INFO", "func_name": "wait", "lineno": 16, "filename": "events.py", "msg": "Event ID: 2 set waiting, iteration: 41"}
{"datetime": "2025-09-29 04:43:35 PM", "level": "INFO", "func_name": "wait", "lineno": 16, "filename": "events.py", "msg": "Event ID: 3 set waiting, iteration: 41"}
{"datetime": "2025-09-29 04:43:35 PM", "level": "INFO", "func_name": "wait", "lineno": 16, "filename": "events.py", "msg": "Event ID: 4 set waiting, iteration: 41"}
{"datetime": "2025-09-29 04:43:35 PM", "level": "INFO", "func_name": "wait", "lineno": 16, "filename": "events.py", "msg": "Event ID: 0 set waiting, iteration: 42"}
{"datetime": "2025-09-29 04:43:35 PM", "level": "INFO", "func_name": "wait", "lineno": 16, "filename": "events.py", "msg": "Event ID: 1 set waiting, iteration: 42"}
{"datetime": "2025-09-29 04:43:35 PM", "level": "INFO", "func_name": "wait", "lineno": 16, "filename": "events.py", "msg": "Event ID: 2 set waiting, iteration: 42"}
{"datetime": "2025-09-29 04:43:35 PM", "level": "INFO", "func_name": "wait", "lineno": 16, "filename": "events.py", "msg": "Event ID: 3 set waiting, iteration: 42"}
{"datetime": "2025-09-29 04:43:35 PM", "level": "INFO", "func_name": "wait", "lineno": 16, "filename": "events.py", "msg": "Event ID: 4 set waiting, iteration: 42"}
{"datetime": "2025-09-29 04:43:36 PM", "level": "INFO", "func_name": "wait", "lineno": 16, "filename": "events.py", "msg": "Event ID: 0 set waiting, iteration: 43"}
{"datetime": "2025-09-29 04:43:36 PM", "level": "INFO", "func_name": "wait", "lineno": 16, "filename": "events.py", "msg": "Event ID: 1 set waiting, iteration: 43"}
{"datetime": "2025-09-29 04:43:36 PM", "level": "INFO", "func_name": "wait", "lineno": 16, "filename": "events.py", "msg": "Event ID: 2 set waiting, iteration: 43"}
{"datetime": "2025-09-29 04:43:36 PM", "level": "INFO", "func_name": "wait", "lineno": 16, "filename": "events.py", "msg": "Event ID: 3 set waiting, iteration: 43"}
{"datetime": "2025-09-29 04:43:36 PM", "level": "INFO", "func_name": "wait", "lineno": 16, "filename": "events.py", "msg": "Event ID: 4 set waiting, iteration: 43"}
{"datetime": "2025-09-29 04:43:36 PM", "level": "INFO", "func_name": "wait", "lineno": 16, "filename": "events.py", "msg": "Event ID: 0 set waiting, iteration: 44"}
{"datetime": "2025-09-29 04:43:36 PM", "level": "INFO", "func_name": "wait", "lineno": 16, "filename": "events.py", "msg": "Event ID: 1 set waiting, iteration: 44"}
{"datetime": "2025-09-29 04:43:36 PM", "level": "INFO", "func_name": "wait", "lineno": 16, "filename": "events.py", "msg": "Event ID: 2 set waiting, iteration: 44"}
{"datetime": "2025-09-29 04:43:36 PM", "level": "INFO", "func_name": "wait", "lineno": 16, "filename": "events.py", "msg": "Event ID: 3 set waiting, iteration: 44"}
{"datetime": "2025-09-29 04:43:36 PM", "level": "INFO", "func_name": "wait", "lineno": 16, "filename": "events.py", "msg": "Event ID: 4 set waiting, iteration: 44"}
{"datetime": "2025-09-29 04:43:37 PM", "level": "INFO", "func_name": "wait", "lineno": 16, "filename": "events.py", "msg": "Event ID: 0 set waiting, iteration: 45"}
{"datetime": "2025-09-29 04:43:37 PM", "level": "INFO", "func_name": "wait", "lineno": 16, "filename": "events.py", "msg": "Event ID: 1 set waiting, iteration: 45"}
{"datetime": "2025-09-29 04:43:37 PM", "level": "INFO", "func_name": "wait", "lineno": 16, "filename": "events.py", "msg": "Event ID: 2 set waiting, iteration: 45"}
{"datetime": "2025-09-29 04:43:37 PM", "level": "INFO", "func_name": "wait", "lineno": 16, "filename": "events.py", "msg": "Event ID: 3 set waiting, iteration: 45"}
{"datetime": "2025-09-29 04:43:37 PM", "level": "INFO", "func_name": "wait", "lineno": 16, "filename": "events.py", "msg": "Event ID: 4 set waiting, iteration: 45"}
{"datetime": "2025-09-29 04:43:37 PM", "level": "INFO", "func_name": "wait", "lineno": 16, "filename": "events.py", "msg": "Event ID: 0 set waiting, iteration: 46"}
{"datetime": "2025-09-29 04:43:37 PM", "level": "INFO", "func_name": "wait", "lineno": 16, "filename": "events.py", "msg": "Event ID: 1 set waiting, iteration: 46"}
{"datetime": "2025-09-29 04:43:37 PM", "level": "INFO", "func_name": "wait", "lineno": 16, "filename": "events.py", "msg": "Event ID: 2 set waiting, iteration: 46"}
{"datetime": "2025-09-29 04:43:37 PM", "level": "INFO", "func_name": "wait", "lineno": 16, "filename": "events.py", "msg": "Event ID: 3 set waiting, iteration: 46"}
{"datetime": "2025-09-29 04:43:37 PM", "level": "INFO", "func_name": "wait", "lineno": 16, "filename": "events.py", "msg": "Event ID: 4 set waiting, iteration: 46"}
{"datetime": "2025-09-29 04:43:38 PM", "level": "INFO", "func_name": "wait", "lineno": 16, "filename": "events.py", "msg": "Event ID: 0 set waiting, iteration: 47"}
{"datetime": "2025-09-29 04:43:38 PM", "level": "INFO", "func_name": "wait", "lineno": 16, "filename": "events.py", "msg": "Event ID: 1 set waiting, iteration: 47"}
{"datetime": "2025-09-29 04:43:38 PM", "level": "INFO", "func_name": "wait", "lineno": 16, "filename": "events.py", "msg": "Event ID: 2 set waiting, iteration: 47"}
{"datetime": "2025-09-29 04:43:38 PM", "level": "INFO", "func_name": "wait", "lineno": 16, "filename": "events.py", "msg": "Event ID: 3 set waiting, iteration: 47"}
{"datetime": "2025-09-29 04:43:38 PM", "level": "INFO", "func_name": "wait", "lineno": 16, "filename": "events.py", "msg": "Event ID: 4 set waiting, iteration: 47"}
{"datetime": "2025-09-29 04:43:38 PM", "level": "INFO", "func_name": "wait", "lineno": 16, "filename": "events.py", "msg": "Event ID: 0 set waiting, iteration: 48"}
{"datetime": "2025-09-29 04:43:38 PM", "level": "INFO", "func_name": "wait", "lineno": 16, "filename": "events.py", "msg": "Event ID: 1 set waiting, iteration: 48"}
{"datetime": "2025-09-29 04:43:39 PM", "level": "INFO", "func_name": "wait", "lineno": 16, "filename": "events.py", "msg": "Event ID: 2 set waiting, iteration: 48"}
{"datetime": "2025-09-29 04:43:39 PM", "level": "INFO", "func_name": "wait", "lineno": 16, "filename": "events.py", "msg": "Event ID: 3 set waiting, iteration: 48"}
{"datetime": "2025-09-29 04:43:39 PM", "level": "INFO", "func_name": "wait", "lineno": 16, "filename": "events.py", "msg": "Event ID: 4 set waiting, iteration: 48"}
{"datetime": "2025-09-29 04:43:39 PM", "level": "INFO", "func_name": "wait", "lineno": 16, "filename": "events.py", "msg": "Event ID: 0 set waiting, iteration: 49"}
{"datetime": "2025-09-29 04:43:39 PM", "level": "INFO", "func_name": "wait", "lineno": 16, "filename": "events.py", "msg": "Event ID: 1 set waiting, iteration: 49"}
{"datetime": "2025-09-29 04:43:39 PM", "level": "INFO", "func_name": "wait", "lineno": 16, "filename": "events.py", "msg": "Event ID: 2 set waiting, iteration: 49"}
{"datetime": "2025-09-29 04:43:39 PM", "level": "INFO", "func_name": "wait", "lineno": 16, "filename": "events.py", "msg": "Event ID: 3 set waiting, iteration: 49"}
{"datetime": "2025-09-29 04:43:39 PM", "level": "INFO", "func_name": "wait", "lineno": 16, "filename": "events.py", "msg": "Event ID: 4 set waiting, iteration: 49"}
{"datetime": "2025-09-29 04:43:40 PM", "level": "INFO", "func_name": "wait", "lineno": 16, "filename": "events.py", "msg": "Event ID: 0 set waiting, iteration: 50"}
{"datetime": "2025-09-29 04:43:40 PM", "level": "INFO", "func_name": "wait", "lineno": 16, "filename": "events.py", "msg": "Event ID: 1 set waiting, iteration: 50"}
{"datetime": "2025-09-29 04:43:40 PM", "level": "INFO", "func_name": "wait", "lineno": 16, "filename": "events.py", "msg": "Event ID: 2 set waiting, iteration: 50"}
{"datetime": "2025-09-29 04:43:40 PM", "level": "INFO", "func_name": "wait", "lineno": 16, "filename": "events.py", "msg": "Event ID: 3 set waiting, iteration: 50"}
{"datetime": "2025-09-29 04:43:40 PM", "level": "INFO", "func_name": "wait", "lineno": 16, "filename": "events.py", "msg": "Event ID: 4 set waiting, iteration: 50"}
{"datetime": "2025-09-29 04:43:40 PM", "level": "INFO", "func_name": "wait", "lineno": 16, "filename": "events.py", "msg": "Event ID: 0 set waiting, iteration: 51"}
{"datetime": "2025-09-29 04:43:40 PM", "level": "INFO", "func_name": "wait", "lineno": 16, "filename": "events.py", "msg": "Event ID: 1 set waiting, iteration: 51"}
{"datetime": "2025-09-29 04:43:40 PM", "level": "INFO", "func_name": "wait", "lineno": 16, "filename": "events.py", "msg": "Event ID: 2 set waiting, iteration: 51"}
{"datetime": "2025-09-29 04:43:40 PM", "level": "INFO", "func_name": "wait", "lineno": 16, "filename": "events.py", "msg": "Event ID: 3 set waiting, iteration: 51"}
{"datetime": "2025-09-29 04:43:40 PM", "level": "INFO", "func_name": "wait", "lineno": 16, "filename": "events.py", "msg": "Event ID: 4 set waiting, iteration: 51"}
{"datetime": "2025-09-29 04:43:41 PM", "level": "INFO", "func_name": "wait", "lineno": 16, "filename": "events.py", "msg": "Event ID: 0 set waiting, iteration: 52"}
{"datetime": "2025-09-29 04:43:41 PM", "level": "INFO", "func_name": "wait", "lineno": 16, "filename": "events.py", "msg": "Event ID: 1 set waiting, iteration: 52"}
{"datetime": "2025-09-29 04:43:41 PM", "level": "INFO", "func_name": "wait", "lineno": 16, "filename": "events.py", "msg": "Event ID: 2 set waiting, iteration: 52"}
{"datetime": "2025-09-29 04:43:41 PM", "level": "INFO", "func_name": "wait", "lineno": 16, "filename": "events.py", "msg": "Event ID: 3 set waiting, iteration: 52"}
{"datetime": "2025-09-29 04:43:41 PM", "level": "INFO", "func_name": "wait", "lineno": 16, "filename": "events.py", "msg": "Event ID: 4 set waiting, iteration: 52"}
{"datetime": "2025-09-29 04:43:41 PM", "level": "INFO", "func_name": "wait", "lineno": 16, "filename": "events.py", "msg": "Event ID: 0 set waiting, iteration: 53"}
{"datetime": "2025-09-29 04:43:41 PM", "level": "INFO", "func_name": "wait", "lineno": 16, "filename": "events.py", "msg": "Event ID: 1 set waiting, iteration: 53"}
{"datetime": "2025-09-29 04:43:41 PM", "level": "INFO", "func_name": "wait", "lineno": 16, "filename": "events.py", "msg": "Event ID: 2 set waiting, iteration: 53"}
{"datetime": "2025-09-29 04:43:41 PM", "level": "INFO", "func_name": "wait", "lineno": 16, "filename": "events.py", "msg": "Event ID: 3 set waiting, iteration: 53"}
{"datetime": "2025-09-29 04:43:41 PM", "level": "INFO", "func_name": "wait", "lineno": 16, "filename": "events.py", "msg": "Event ID: 4 set waiting, iteration: 53"}
{"datetime": "2025-09-29 04:43:42 PM", "level": "INFO", "func_name": "wait", "lineno": 16, "filename": "events.py", "msg": "Event ID: 0 set waiting, iteration: 54"}
{"datetime": "2025-09-29 04:43:42 PM", "level": "INFO", "func_name": "wait", "lineno": 16, "filename": "events.py", "msg": "Event ID: 1 set waiting, iteration: 54"}
{"datetime": "2025-09-29 04:43:42 PM", "level": "INFO", "func_name": "wait", "lineno": 16, "filename": "events.py", "msg": "Event ID: 2 set waiting, iteration: 54"}
{"datetime": "2025-09-29 04:43:42 PM", "level": "INFO", "func_name": "wait", "lineno": 16, "filename": "events.py", "msg": "Event ID: 3 set waiting, iteration: 54"}
{"datetime": "2025-09-29 04:43:42 PM", "level": "INFO", "func_name": "wait", "lineno": 16, "filename": "events.py", "msg": "Event ID: 4 set waiting, iteration: 54"}
{"datetime": "2025-09-29 04:43:42 PM", "level": "INFO", "func_name": "wait", "lineno": 16, "filename": "events.py", "msg": "Event ID: 0 set waiting, iteration: 55"}
{"datetime": "2025-09-29 04:43:42 PM", "level": "INFO", "func_name": "wait", "lineno": 16, "filename": "events.py", "msg": "Event ID: 1 set waiting, iteration: 55"}
{"datetime": "2025-09-29 04:43:42 PM", "level": "INFO", "func_name": "wait", "lineno": 16, "filename": "events.py", "msg": "Event ID: 2 set waiting, iteration: 55"}
{"datetime": "2025-09-29 04:43:42 PM", "level": "INFO", "func_name": "wait", "lineno": 16, "filename": "events.py", "msg": "Event ID: 3 set waiting, iteration: 55"}
{"datetime": "2025-09-29 04:43:42 PM", "level": "INFO", "func_name": "wait", "lineno": 16, "filename": "events.py", "msg": "Event ID: 4 set waiting, iteration: 55"}
{"datetime": "2025-09-29 04:43:43 PM", "level": "INFO", "func_name": "wait", "lineno": 16, "filename": "events.py", "msg": "Event ID: 0 set waiting, iteration: 56"}
{"datetime": "2025-09-29 04:43:43 PM", "level": "INFO", "func_name": "wait", "lineno": 16, "filename": "events.py", "msg": "Event ID: 1 set waiting, iteration: 56"}
{"datetime": "2025-09-29 04:43:43 PM", "level": "INFO", "func_name": "wait", "lineno": 16, "filename": "events.py", "msg": "Event ID: 2 set waiting, iteration: 56"}
{"datetime": "2025-09-29 04:43:43 PM", "level": "INFO", "func_name": "wait", "lineno": 16, "filename": "events.py", "msg": "Event ID: 3 set waiting, iteration: 56"}
{"datetime": "2025-09-29 04:43:43 PM", "level": "INFO", "func_name": "wait", "lineno": 16, "filename": "events.py", "msg": "Event ID: 4 set waiting, iteration: 56"}
{"datetime": "2025-09-29 04:43:43 PM", "level": "INFO", "func_name": "wait", "lineno": 16, "filename": "events.py", "msg": "Event ID: 0 set waiting, iteration: 57"}
{"datetime": "2025-09-29 04:43:43 PM", "level": "INFO", "func_name": "wait", "lineno": 16, "filename": "events.py", "msg": "Event ID: 1 set waiting, iteration: 57"}
{"datetime": "2025-09-29 04:43:43 PM", "level": "INFO", "func_name": "wait", "lineno": 16, "filename": "events.py", "msg": "Event ID: 2 set waiting, iteration: 57"}
{"datetime": "2025-09-29 04:43:43 PM", "level": "INFO", "func_name": "wait", "lineno": 16, "filename": "events.py", "msg": "Event ID: 3 set waiting, iteration: 57"}
{"datetime": "2025-09-29 04:43:43 PM", "level": "INFO", "func_name": "wait", "lineno": 16, "filename": "events.py", "msg": "Event ID: 4 set waiting, iteration: 57"}
{"datetime": "2025-09-29 04:43:43 PM", "level": "INFO", "func_name": "event_wait", "lineno": 55, "filename": "events.py", "msg": "Event will be cleared"}
{"datetime": "2025-09-29 04:43:44 PM", "level": "INFO", "func_name": "wait", "lineno": 19, "filename": "events.py", "msg": "Event ID: 0 is cleared breaking"}
{"datetime": "2025-09-29 04:43:44 PM", "level": "INFO", "func_name": "wait", "lineno": 22, "filename": "events.py", "msg": "Event ID: 0 exited"}
{"datetime": "2025-09-29 04:43:44 PM", "level": "INFO", "func_name": "wait", "lineno": 19, "filename": "events.py", "msg": "Event ID: 1 is cleared breaking"}
{"datetime": "2025-09-29 04:43:44 PM", "level": "INFO", "func_name": "wait", "lineno": 22, "filename": "events.py", "msg": "Event ID: 1 exited"}
{"datetime": "2025-09-29 04:43:44 PM", "level": "INFO", "func_name": "wait", "lineno": 19, "filename": "events.py", "msg": "Event ID: 2 is cleared breaking"}
{"datetime": "2025-09-29 04:43:44 PM", "level": "INFO", "func_name": "wait", "lineno": 22, "filename": "events.py", "msg": "Event ID: 2 exited"}
{"datetime": "2025-09-29 04:43:44 PM", "level": "INFO", "func_name": "wait", "lineno": 19, "filename": "events.py", "msg": "Event ID: 3 is cleared breaking"}
{"datetime": "2025-09-29 04:43:44 PM", "level": "INFO", "func_name": "wait", "lineno": 22, "filename": "events.py", "msg": "Event ID: 3 exited"}
{"datetime": "2025-09-29 04:43:44 PM", "level": "INFO", "func_name": "wait", "lineno": 19, "filename": "events.py", "msg": "Event ID: 4 is cleared breaking"}
{"datetime": "2025-09-29 04:43:44 PM", "level": "INFO", "func_name": "wait", "lineno": 22, "filename": "events.py", "msg": "Event ID: 4 exited"}
