{"datetime": "2025-09-13 03:07:14 423166 PM", "level": "INFO", "func_name": "launcher", "lineno": 97, "filename": "worker_pool.py", "msg": "Launcher launched"}
{"datetime": "2025-09-13 03:07:14 424308 PM", "level": "INFO", "func_name": "launcher", "lineno": 99, "filename": "worker_pool.py", "msg": "Job ID: 1"}
{"datetime": "2025-09-13 03:07:14 424308 PM", "level": "INFO", "func_name": "launcher", "lineno": 99, "filename": "worker_pool.py", "msg": "Job ID: 2"}
{"datetime": "2025-09-13 03:07:14 424308 PM", "level": "INFO", "func_name": "launcher", "lineno": 99, "filename": "worker_pool.py", "msg": "Job ID: 3"}
{"datetime": "2025-09-13 03:07:14 424308 PM", "level": "INFO", "func_name": "launcher", "lineno": 99, "filename": "worker_pool.py", "msg": "Job ID: 4"}
{"datetime": "2025-09-13 03:07:14 439142 PM", "level": "INFO", "func_name": "launcher", "lineno": 99, "filename": "worker_pool.py", "msg": "Job ID: 5"}
{"datetime": "2025-09-13 03:07:14 441149 PM", "level": "INFO", "func_name": "launcher", "lineno": 99, "filename": "worker_pool.py", "msg": "Job ID: 6"}
{"datetime": "2025-09-13 03:07:14 441149 PM", "level": "INFO", "func_name": "launcher", "lineno": 99, "filename": "worker_pool.py", "msg": "Job ID: 7"}
{"datetime": "2025-09-13 03:07:14 441149 PM", "level": "INFO", "func_name": "launcher", "lineno": 99, "filename": "worker_pool.py", "msg": "Job ID: 8"}
{"datetime": "2025-09-13 03:07:14 441149 PM", "level": "INFO", "func_name": "launcher", "lineno": 99, "filename": "worker_pool.py", "msg": "Job ID: 9"}
{"datetime": "2025-09-13 03:07:14 441149 PM", "level": "INFO", "func_name": "launcher", "lineno": 99, "filename": "worker_pool.py", "msg": "Job ID: 10"}
{"datetime": "2025-09-13 03:07:14 443441 PM", "level": "INFO", "func_name": "launcher", "lineno": 99, "filename": "worker_pool.py", "msg": "Job ID: 11"}
{"datetime": "2025-09-13 03:07:14 444421 PM", "level": "INFO", "func_name": "launcher", "lineno": 99, "filename": "worker_pool.py", "msg": "Job ID: 12"}
{"datetime": "2025-09-13 03:07:14 444421 PM", "level": "INFO", "func_name": "launcher", "lineno": 99, "filename": "worker_pool.py", "msg": "Job ID: 13"}
{"datetime": "2025-09-13 03:07:14 445428 PM", "level": "INFO", "func_name": "launcher", "lineno": 99, "filename": "worker_pool.py", "msg": "Job ID: 14"}
{"datetime": "2025-09-13 03:07:14 445428 PM", "level": "INFO", "func_name": "launcher", "lineno": 99, "filename": "worker_pool.py", "msg": "Job ID: 15"}
{"datetime": "2025-09-13 03:07:14 445428 PM", "level": "INFO", "func_name": "launcher", "lineno": 99, "filename": "worker_pool.py", "msg": "Job ID: 16"}
{"datetime": "2025-09-13 03:07:14 445428 PM", "level": "INFO", "func_name": "launcher", "lineno": 99, "filename": "worker_pool.py", "msg": "Job ID: 17"}
{"datetime": "2025-09-13 03:07:14 445428 PM", "level": "INFO", "func_name": "launcher", "lineno": 99, "filename": "worker_pool.py", "msg": "Job ID: 18"}
{"datetime": "2025-09-13 03:07:14 445428 PM", "level": "INFO", "func_name": "launcher", "lineno": 99, "filename": "worker_pool.py", "msg": "Job ID: 19"}
{"datetime": "2025-09-13 03:07:14 445428 PM", "level": "INFO", "func_name": "launcher", "lineno": 99, "filename": "worker_pool.py", "msg": "Job ID: 20"}
{"datetime": "2025-09-13 03:07:14 445428 PM", "level": "INFO", "func_name": "launcher", "lineno": 99, "filename": "worker_pool.py", "msg": "Job ID: 21"}
{"datetime": "2025-09-13 03:07:14 445428 PM", "level": "INFO", "func_name": "launcher", "lineno": 99, "filename": "worker_pool.py", "msg": "Job ID: 22"}
{"datetime": "2025-09-13 03:07:14 445428 PM", "level": "INFO", "func_name": "launcher", "lineno": 99, "filename": "worker_pool.py", "msg": "Job ID: 23"}
{"datetime": "2025-09-13 03:07:14 445428 PM", "level": "INFO", "func_name": "launcher", "lineno": 99, "filename": "worker_pool.py", "msg": "Job ID: 24"}
{"datetime": "2025-09-13 03:07:14 445428 PM", "level": "INFO", "func_name": "launcher", "lineno": 99, "filename": "worker_pool.py", "msg": "Job ID: 25"}
{"datetime": "2025-09-13 03:07:14 445428 PM", "level": "INFO", "func_name": "launcher", "lineno": 99, "filename": "worker_pool.py", "msg": "Job ID: 26"}
{"datetime": "2025-09-13 03:07:14 445428 PM", "level": "INFO", "func_name": "launcher", "lineno": 99, "filename": "worker_pool.py", "msg": "Job ID: 27"}
{"datetime": "2025-09-13 03:07:14 445428 PM", "level": "INFO", "func_name": "launcher", "lineno": 99, "filename": "worker_pool.py", "msg": "Job ID: 28"}
{"datetime": "2025-09-13 03:07:14 451461 PM", "level": "INFO", "func_name": "launcher", "lineno": 99, "filename": "worker_pool.py", "msg": "Job ID: 29"}
{"datetime": "2025-09-13 03:07:14 451461 PM", "level": "INFO", "func_name": "launcher", "lineno": 99, "filename": "worker_pool.py", "msg": "Job ID: 30"}
{"datetime": "2025-09-13 03:07:14 451461 PM", "level": "INFO", "func_name": "launcher", "lineno": 99, "filename": "worker_pool.py", "msg": "Job ID: 31"}
{"datetime": "2025-09-13 03:07:14 451461 PM", "level": "DEBUG", "func_name": "consolidater", "lineno": 80, "filename": "worker_pool.py", "msg": "Consolidator received"}
{"datetime": "2025-09-13 03:07:14 466917 PM", "level": "DEBUG", "func_name": "worker", "lineno": 40, "filename": "worker_pool.py", "msg": "Worker id: 1 launched,<Queue maxsize=30 _queue=[Job(id=1, result=None), Job(id=2, result=None), Job(id=3, result=None), Job(id=4, result=None), Job(id=5, result=None), Job(id=6, result=None), Job(id=7, result=None), Job(id=8, result=None), Job(id=9, result=None), Job(id=10, result=None), Job(id=11, result=None), Job(id=12, result=None), Job(id=13, result=None), Job(id=14, result=None), Job(id=15, result=None), Job(id=16, result=None), Job(id=17, result=None), Job(id=18, result=None), Job(id=19, result=None), Job(id=20, result=None), Job(id=21, result=None), Job(id=22, result=None), Job(id=23, result=None), Job(id=24, result=None), Job(id=25, result=None), Job(id=26, result=None), Job(id=27, result=None), Job(id=28, result=None), Job(id=29, result=None), Job(id=30, result=None)] _putters[1] tasks=30>,<Queue maxsize=5>"}
{"datetime": "2025-09-13 03:07:14 466917 PM", "level": "DEBUG", "func_name": "fetch", "lineno": 25, "filename": "worker_pool.py", "msg": "Fetch generator called"}
{"datetime": "2025-09-13 03:07:14 471169 PM", "level": "INFO", "func_name": "fetch", "lineno": 29, "filename": "worker_pool.py", "msg": "Fetching for None"}
{"datetime": "2025-09-13 03:07:14 471169 PM", "level": "INFO", "func_name": "fetch", "lineno": 32, "filename": "worker_pool.py", "msg": "Fetch primed"}
{"datetime": "2025-09-13 03:07:14 471169 PM", "level": "INFO", "func_name": "worker", "lineno": 45, "filename": "worker_pool.py", "msg": "Worker id: 1; src geneator initalized and primed"}
{"datetime": "2025-09-13 03:07:14 477517 PM", "level": "INFO", "func_name": "worker", "lineno": 50, "filename": "worker_pool.py", "msg": "Worker id: 1; jobs and stop tasks created."}
{"datetime": "2025-09-13 03:07:14 479323 PM", "level": "INFO", "func_name": "worker", "lineno": 54, "filename": "worker_pool.py", "msg": "TASKS STATE: Worker ID: 1, ITER: 1 PENDING| PENDING"}
{"datetime": "2025-09-13 03:07:14 484632 PM", "level": "DEBUG", "func_name": "worker", "lineno": 40, "filename": "worker_pool.py", "msg": "Worker id: 2 launched,<Queue maxsize=30 _queue=[Job(id=1, result=None), Job(id=2, result=None), Job(id=3, result=None), Job(id=4, result=None), Job(id=5, result=None), Job(id=6, result=None), Job(id=7, result=None), Job(id=8, result=None), Job(id=9, result=None), Job(id=10, result=None), Job(id=11, result=None), Job(id=12, result=None), Job(id=13, result=None), Job(id=14, result=None), Job(id=15, result=None), Job(id=16, result=None), Job(id=17, result=None), Job(id=18, result=None), Job(id=19, result=None), Job(id=20, result=None), Job(id=21, result=None), Job(id=22, result=None), Job(id=23, result=None), Job(id=24, result=None), Job(id=25, result=None), Job(id=26, result=None), Job(id=27, result=None), Job(id=28, result=None), Job(id=29, result=None), Job(id=30, result=None)] _putters[1] tasks=30>,<Queue maxsize=5>"}
{"datetime": "2025-09-13 03:07:14 487500 PM", "level": "DEBUG", "func_name": "fetch", "lineno": 25, "filename": "worker_pool.py", "msg": "Fetch generator called"}
{"datetime": "2025-09-13 03:07:14 489867 PM", "level": "INFO", "func_name": "fetch", "lineno": 29, "filename": "worker_pool.py", "msg": "Fetching for None"}
{"datetime": "2025-09-13 03:07:14 489867 PM", "level": "INFO", "func_name": "fetch", "lineno": 32, "filename": "worker_pool.py", "msg": "Fetch primed"}
{"datetime": "2025-09-13 03:07:14 492397 PM", "level": "INFO", "func_name": "worker", "lineno": 45, "filename": "worker_pool.py", "msg": "Worker id: 2; src geneator initalized and primed"}
{"datetime": "2025-09-13 03:07:14 494945 PM", "level": "INFO", "func_name": "worker", "lineno": 50, "filename": "worker_pool.py", "msg": "Worker id: 2; jobs and stop tasks created."}
{"datetime": "2025-09-13 03:07:14 494945 PM", "level": "INFO", "func_name": "worker", "lineno": 54, "filename": "worker_pool.py", "msg": "TASKS STATE: Worker ID: 2, ITER: 1 PENDING| PENDING"}
{"datetime": "2025-09-13 03:07:14 494945 PM", "level": "DEBUG", "func_name": "worker", "lineno": 40, "filename": "worker_pool.py", "msg": "Worker id: 3 launched,<Queue maxsize=30 _queue=[Job(id=1, result=None), Job(id=2, result=None), Job(id=3, result=None), Job(id=4, result=None), Job(id=5, result=None), Job(id=6, result=None), Job(id=7, result=None), Job(id=8, result=None), Job(id=9, result=None), Job(id=10, result=None), Job(id=11, result=None), Job(id=12, result=None), Job(id=13, result=None), Job(id=14, result=None), Job(id=15, result=None), Job(id=16, result=None), Job(id=17, result=None), Job(id=18, result=None), Job(id=19, result=None), Job(id=20, result=None), Job(id=21, result=None), Job(id=22, result=None), Job(id=23, result=None), Job(id=24, result=None), Job(id=25, result=None), Job(id=26, result=None), Job(id=27, result=None), Job(id=28, result=None), Job(id=29, result=None), Job(id=30, result=None)] _putters[1] tasks=30>,<Queue maxsize=5>"}
{"datetime": "2025-09-13 03:07:14 498338 PM", "level": "DEBUG", "func_name": "fetch", "lineno": 25, "filename": "worker_pool.py", "msg": "Fetch generator called"}
{"datetime": "2025-09-13 03:07:14 500676 PM", "level": "INFO", "func_name": "fetch", "lineno": 29, "filename": "worker_pool.py", "msg": "Fetching for None"}
{"datetime": "2025-09-13 03:07:14 500676 PM", "level": "INFO", "func_name": "fetch", "lineno": 32, "filename": "worker_pool.py", "msg": "Fetch primed"}
{"datetime": "2025-09-13 03:07:14 500676 PM", "level": "INFO", "func_name": "worker", "lineno": 45, "filename": "worker_pool.py", "msg": "Worker id: 3; src geneator initalized and primed"}
{"datetime": "2025-09-13 03:07:14 503443 PM", "level": "INFO", "func_name": "worker", "lineno": 50, "filename": "worker_pool.py", "msg": "Worker id: 3; jobs and stop tasks created."}
{"datetime": "2025-09-13 03:07:14 503443 PM", "level": "INFO", "func_name": "worker", "lineno": 54, "filename": "worker_pool.py", "msg": "TASKS STATE: Worker ID: 3, ITER: 1 PENDING| PENDING"}
{"datetime": "2025-09-13 03:07:14 503443 PM", "level": "DEBUG", "func_name": "worker", "lineno": 40, "filename": "worker_pool.py", "msg": "Worker id: 4 launched,<Queue maxsize=30 _queue=[Job(id=1, result=None), Job(id=2, result=None), Job(id=3, result=None), Job(id=4, result=None), Job(id=5, result=None), Job(id=6, result=None), Job(id=7, result=None), Job(id=8, result=None), Job(id=9, result=None), Job(id=10, result=None), Job(id=11, result=None), Job(id=12, result=None), Job(id=13, result=None), Job(id=14, result=None), Job(id=15, result=None), Job(id=16, result=None), Job(id=17, result=None), Job(id=18, result=None), Job(id=19, result=None), Job(id=20, result=None), Job(id=21, result=None), Job(id=22, result=None), Job(id=23, result=None), Job(id=24, result=None), Job(id=25, result=None), Job(id=26, result=None), Job(id=27, result=None), Job(id=28, result=None), Job(id=29, result=None), Job(id=30, result=None)] _putters[1] tasks=30>,<Queue maxsize=5>"}
{"datetime": "2025-09-13 03:07:14 503443 PM", "level": "DEBUG", "func_name": "fetch", "lineno": 25, "filename": "worker_pool.py", "msg": "Fetch generator called"}
{"datetime": "2025-09-13 03:07:14 507883 PM", "level": "INFO", "func_name": "fetch", "lineno": 29, "filename": "worker_pool.py", "msg": "Fetching for None"}
{"datetime": "2025-09-13 03:07:14 507883 PM", "level": "INFO", "func_name": "fetch", "lineno": 32, "filename": "worker_pool.py", "msg": "Fetch primed"}
{"datetime": "2025-09-13 03:07:14 507883 PM", "level": "INFO", "func_name": "worker", "lineno": 45, "filename": "worker_pool.py", "msg": "Worker id: 4; src geneator initalized and primed"}
{"datetime": "2025-09-13 03:07:14 507883 PM", "level": "INFO", "func_name": "worker", "lineno": 50, "filename": "worker_pool.py", "msg": "Worker id: 4; jobs and stop tasks created."}
{"datetime": "2025-09-13 03:07:14 507883 PM", "level": "INFO", "func_name": "worker", "lineno": 54, "filename": "worker_pool.py", "msg": "TASKS STATE: Worker ID: 4, ITER: 1 PENDING| PENDING"}
{"datetime": "2025-09-13 03:07:14 510903 PM", "level": "DEBUG", "func_name": "worker", "lineno": 40, "filename": "worker_pool.py", "msg": "Worker id: 5 launched,<Queue maxsize=30 _queue=[Job(id=1, result=None), Job(id=2, result=None), Job(id=3, result=None), Job(id=4, result=None), Job(id=5, result=None), Job(id=6, result=None), Job(id=7, result=None), Job(id=8, result=None), Job(id=9, result=None), Job(id=10, result=None), Job(id=11, result=None), Job(id=12, result=None), Job(id=13, result=None), Job(id=14, result=None), Job(id=15, result=None), Job(id=16, result=None), Job(id=17, result=None), Job(id=18, result=None), Job(id=19, result=None), Job(id=20, result=None), Job(id=21, result=None), Job(id=22, result=None), Job(id=23, result=None), Job(id=24, result=None), Job(id=25, result=None), Job(id=26, result=None), Job(id=27, result=None), Job(id=28, result=None), Job(id=29, result=None), Job(id=30, result=None)] _putters[1] tasks=30>,<Queue maxsize=5>"}
{"datetime": "2025-09-13 03:07:14 510903 PM", "level": "DEBUG", "func_name": "fetch", "lineno": 25, "filename": "worker_pool.py", "msg": "Fetch generator called"}
{"datetime": "2025-09-13 03:07:14 510903 PM", "level": "INFO", "func_name": "fetch", "lineno": 29, "filename": "worker_pool.py", "msg": "Fetching for None"}
{"datetime": "2025-09-13 03:07:14 515799 PM", "level": "INFO", "func_name": "fetch", "lineno": 32, "filename": "worker_pool.py", "msg": "Fetch primed"}
{"datetime": "2025-09-13 03:07:14 515799 PM", "level": "INFO", "func_name": "worker", "lineno": 45, "filename": "worker_pool.py", "msg": "Worker id: 5; src geneator initalized and primed"}
{"datetime": "2025-09-13 03:07:14 518259 PM", "level": "INFO", "func_name": "worker", "lineno": 50, "filename": "worker_pool.py", "msg": "Worker id: 5; jobs and stop tasks created."}
{"datetime": "2025-09-13 03:07:14 518259 PM", "level": "INFO", "func_name": "worker", "lineno": 54, "filename": "worker_pool.py", "msg": "TASKS STATE: Worker ID: 5, ITER: 1 PENDING| PENDING"}
{"datetime": "2025-09-13 03:07:14 524384 PM", "level": "INFO", "func_name": "launcher", "lineno": 99, "filename": "worker_pool.py", "msg": "Job ID: 32"}
{"datetime": "2025-09-13 03:07:14 524384 PM", "level": "INFO", "func_name": "launcher", "lineno": 99, "filename": "worker_pool.py", "msg": "Job ID: 33"}
{"datetime": "2025-09-13 03:07:14 528440 PM", "level": "INFO", "func_name": "launcher", "lineno": 99, "filename": "worker_pool.py", "msg": "Job ID: 34"}
{"datetime": "2025-09-13 03:07:14 528440 PM", "level": "INFO", "func_name": "launcher", "lineno": 99, "filename": "worker_pool.py", "msg": "Job ID: 35"}
{"datetime": "2025-09-13 03:07:14 528440 PM", "level": "INFO", "func_name": "launcher", "lineno": 99, "filename": "worker_pool.py", "msg": "Job ID: 36"}
{"datetime": "2025-09-13 03:07:14 532112 PM", "level": "INFO", "func_name": "worker", "lineno": 58, "filename": "worker_pool.py", "msg": "TASKS STATE AFTER: Worker ID: 1, ITER: 1 FINISHED| PENDING"}
{"datetime": "2025-09-13 03:07:14 532112 PM", "level": "INFO", "func_name": "worker", "lineno": 68, "filename": "worker_pool.py", "msg": "Worker id: 1; receievd Job(id=1, result=None)"}
{"datetime": "2025-09-13 03:07:14 532112 PM", "level": "INFO", "func_name": "fetch", "lineno": 34, "filename": "worker_pool.py", "msg": "URL: https://xkcd.com/1/info.0.json"}
{"datetime": "2025-09-13 03:07:14 595112 PM", "level": "INFO", "func_name": "worker", "lineno": 58, "filename": "worker_pool.py", "msg": "TASKS STATE AFTER: Worker ID: 2, ITER: 1 FINISHED| PENDING"}
{"datetime": "2025-09-13 03:07:14 595112 PM", "level": "INFO", "func_name": "worker", "lineno": 68, "filename": "worker_pool.py", "msg": "Worker id: 2; receievd Job(id=2, result=None)"}
{"datetime": "2025-09-13 03:07:14 595112 PM", "level": "INFO", "func_name": "fetch", "lineno": 34, "filename": "worker_pool.py", "msg": "URL: https://xkcd.com/2/info.0.json"}
{"datetime": "2025-09-13 03:07:14 604379 PM", "level": "INFO", "func_name": "worker", "lineno": 58, "filename": "worker_pool.py", "msg": "TASKS STATE AFTER: Worker ID: 3, ITER: 1 FINISHED| PENDING"}
{"datetime": "2025-09-13 03:07:14 604379 PM", "level": "INFO", "func_name": "worker", "lineno": 68, "filename": "worker_pool.py", "msg": "Worker id: 3; receievd Job(id=3, result=None)"}
{"datetime": "2025-09-13 03:07:14 604379 PM", "level": "INFO", "func_name": "fetch", "lineno": 34, "filename": "worker_pool.py", "msg": "URL: https://xkcd.com/3/info.0.json"}
{"datetime": "2025-09-13 03:07:14 604379 PM", "level": "INFO", "func_name": "worker", "lineno": 58, "filename": "worker_pool.py", "msg": "TASKS STATE AFTER: Worker ID: 4, ITER: 1 FINISHED| PENDING"}
{"datetime": "2025-09-13 03:07:14 604379 PM", "level": "INFO", "func_name": "worker", "lineno": 68, "filename": "worker_pool.py", "msg": "Worker id: 4; receievd Job(id=4, result=None)"}
{"datetime": "2025-09-13 03:07:14 604379 PM", "level": "INFO", "func_name": "fetch", "lineno": 34, "filename": "worker_pool.py", "msg": "URL: https://xkcd.com/4/info.0.json"}
{"datetime": "2025-09-13 03:07:14 611048 PM", "level": "INFO", "func_name": "worker", "lineno": 58, "filename": "worker_pool.py", "msg": "TASKS STATE AFTER: Worker ID: 5, ITER: 1 FINISHED| PENDING"}
{"datetime": "2025-09-13 03:07:14 611048 PM", "level": "INFO", "func_name": "worker", "lineno": 68, "filename": "worker_pool.py", "msg": "Worker id: 5; receievd Job(id=5, result=None)"}
{"datetime": "2025-09-13 03:07:14 611048 PM", "level": "INFO", "func_name": "fetch", "lineno": 34, "filename": "worker_pool.py", "msg": "URL: https://xkcd.com/5/info.0.json"}
