{"datetime": "2025-09-13 05:54:36 833278 PM", "level": "INFO", "func_name": "launcher", "lineno": 98, "filename": "worker_pool.py", "msg": "Launcher launched"}
{"datetime": "2025-09-13 05:54:36 833905 PM", "level": "INFO", "func_name": "launcher", "lineno": 100, "filename": "worker_pool.py", "msg": "Job ID: 0"}
{"datetime": "2025-09-13 05:54:36 834267 PM", "level": "INFO", "func_name": "launcher", "lineno": 100, "filename": "worker_pool.py", "msg": "Job ID: 1"}
{"datetime": "2025-09-13 05:54:36 834596 PM", "level": "INFO", "func_name": "launcher", "lineno": 100, "filename": "worker_pool.py", "msg": "Job ID: 2"}
{"datetime": "2025-09-13 05:54:36 834894 PM", "level": "INFO", "func_name": "launcher", "lineno": 100, "filename": "worker_pool.py", "msg": "Job ID: 3"}
{"datetime": "2025-09-13 05:54:36 835188 PM", "level": "INFO", "func_name": "launcher", "lineno": 100, "filename": "worker_pool.py", "msg": "Job ID: 4"}
{"datetime": "2025-09-13 05:54:36 835406 PM", "level": "INFO", "func_name": "launcher", "lineno": 100, "filename": "worker_pool.py", "msg": "Job ID: 5"}
{"datetime": "2025-09-13 05:54:36 835584 PM", "level": "INFO", "func_name": "launcher", "lineno": 100, "filename": "worker_pool.py", "msg": "Job ID: 6"}
{"datetime": "2025-09-13 05:54:36 835758 PM", "level": "INFO", "func_name": "launcher", "lineno": 100, "filename": "worker_pool.py", "msg": "Job ID: 7"}
{"datetime": "2025-09-13 05:54:36 835927 PM", "level": "INFO", "func_name": "launcher", "lineno": 100, "filename": "worker_pool.py", "msg": "Job ID: 8"}
{"datetime": "2025-09-13 05:54:36 836151 PM", "level": "INFO", "func_name": "launcher", "lineno": 100, "filename": "worker_pool.py", "msg": "Job ID: 9"}
{"datetime": "2025-09-13 05:54:36 836517 PM", "level": "INFO", "func_name": "launcher", "lineno": 100, "filename": "worker_pool.py", "msg": "Job ID: 10"}
{"datetime": "2025-09-13 05:54:36 836815 PM", "level": "INFO", "func_name": "launcher", "lineno": 100, "filename": "worker_pool.py", "msg": "Job ID: 11"}
{"datetime": "2025-09-13 05:54:36 837089 PM", "level": "INFO", "func_name": "launcher", "lineno": 100, "filename": "worker_pool.py", "msg": "Job ID: 12"}
{"datetime": "2025-09-13 05:54:36 837359 PM", "level": "INFO", "func_name": "launcher", "lineno": 100, "filename": "worker_pool.py", "msg": "Job ID: 13"}
{"datetime": "2025-09-13 05:54:36 837673 PM", "level": "INFO", "func_name": "launcher", "lineno": 100, "filename": "worker_pool.py", "msg": "Job ID: 14"}
{"datetime": "2025-09-13 05:54:36 837895 PM", "level": "INFO", "func_name": "launcher", "lineno": 100, "filename": "worker_pool.py", "msg": "Job ID: 15"}
{"datetime": "2025-09-13 05:54:36 838071 PM", "level": "INFO", "func_name": "launcher", "lineno": 100, "filename": "worker_pool.py", "msg": "Job ID: 16"}
{"datetime": "2025-09-13 05:54:36 838326 PM", "level": "INFO", "func_name": "launcher", "lineno": 100, "filename": "worker_pool.py", "msg": "Job ID: 17"}
{"datetime": "2025-09-13 05:54:36 838526 PM", "level": "INFO", "func_name": "launcher", "lineno": 100, "filename": "worker_pool.py", "msg": "Job ID: 18"}
{"datetime": "2025-09-13 05:54:36 838717 PM", "level": "INFO", "func_name": "launcher", "lineno": 100, "filename": "worker_pool.py", "msg": "Job ID: 19"}
{"datetime": "2025-09-13 05:54:36 838917 PM", "level": "INFO", "func_name": "launcher", "lineno": 100, "filename": "worker_pool.py", "msg": "Job ID: 20"}
{"datetime": "2025-09-13 05:54:36 839082 PM", "level": "INFO", "func_name": "launcher", "lineno": 100, "filename": "worker_pool.py", "msg": "Job ID: 21"}
{"datetime": "2025-09-13 05:54:36 839270 PM", "level": "INFO", "func_name": "launcher", "lineno": 100, "filename": "worker_pool.py", "msg": "Job ID: 22"}
{"datetime": "2025-09-13 05:54:36 839486 PM", "level": "INFO", "func_name": "launcher", "lineno": 100, "filename": "worker_pool.py", "msg": "Job ID: 23"}
{"datetime": "2025-09-13 05:54:36 839674 PM", "level": "INFO", "func_name": "launcher", "lineno": 100, "filename": "worker_pool.py", "msg": "Job ID: 24"}
{"datetime": "2025-09-13 05:54:36 839919 PM", "level": "INFO", "func_name": "launcher", "lineno": 100, "filename": "worker_pool.py", "msg": "Job ID: 25"}
{"datetime": "2025-09-13 05:54:36 840279 PM", "level": "INFO", "func_name": "launcher", "lineno": 100, "filename": "worker_pool.py", "msg": "Job ID: 26"}
{"datetime": "2025-09-13 05:54:36 840494 PM", "level": "INFO", "func_name": "launcher", "lineno": 100, "filename": "worker_pool.py", "msg": "Job ID: 27"}
{"datetime": "2025-09-13 05:54:36 840663 PM", "level": "INFO", "func_name": "launcher", "lineno": 100, "filename": "worker_pool.py", "msg": "Job ID: 28"}
{"datetime": "2025-09-13 05:54:36 840828 PM", "level": "INFO", "func_name": "launcher", "lineno": 100, "filename": "worker_pool.py", "msg": "Job ID: 29"}
{"datetime": "2025-09-13 05:54:36 841077 PM", "level": "INFO", "func_name": "launcher", "lineno": 100, "filename": "worker_pool.py", "msg": "Job ID: 30"}
{"datetime": "2025-09-13 05:54:36 842206 PM", "level": "DEBUG", "func_name": "consolidater", "lineno": 80, "filename": "worker_pool.py", "msg": "Consolidator received"}
{"datetime": "2025-09-13 05:54:36 848606 PM", "level": "DEBUG", "func_name": "worker", "lineno": 40, "filename": "worker_pool.py", "msg": "Worker id: 1 launched,<Queue maxsize=30 _queue=[Job(id=0, result=None), Job(id=1, result=None), Job(id=2, result=None), Job(id=3, result=None), Job(id=4, result=None), Job(id=5, result=None), Job(id=6, result=None), Job(id=7, result=None), Job(id=8, result=None), Job(id=9, result=None), Job(id=10, result=None), Job(id=11, result=None), Job(id=12, result=None), Job(id=13, result=None), Job(id=14, result=None), Job(id=15, result=None), Job(id=16, result=None), Job(id=17, result=None), Job(id=18, result=None), Job(id=19, result=None), Job(id=20, result=None), Job(id=21, result=None), Job(id=22, result=None), Job(id=23, result=None), Job(id=24, result=None), Job(id=25, result=None), Job(id=26, result=None), Job(id=27, result=None), Job(id=28, result=None), Job(id=29, result=None)] _putters[1] tasks=30>,<Queue maxsize=1>"}
{"datetime": "2025-09-13 05:54:36 849072 PM", "level": "DEBUG", "func_name": "fetch", "lineno": 25, "filename": "worker_pool.py", "msg": "Fetch generator called"}
{"datetime": "2025-09-13 05:54:36 859452 PM", "level": "INFO", "func_name": "fetch", "lineno": 29, "filename": "worker_pool.py", "msg": "Fetching for None"}
{"datetime": "2025-09-13 05:54:36 861183 PM", "level": "INFO", "func_name": "fetch", "lineno": 32, "filename": "worker_pool.py", "msg": "Fetch primed"}
{"datetime": "2025-09-13 05:54:36 861787 PM", "level": "INFO", "func_name": "worker", "lineno": 45, "filename": "worker_pool.py", "msg": "Worker id: 1; src geneator initalized and primed"}
{"datetime": "2025-09-13 05:54:36 864349 PM", "level": "INFO", "func_name": "worker", "lineno": 50, "filename": "worker_pool.py", "msg": "Worker id: 1; jobs and stop tasks created."}
{"datetime": "2025-09-13 05:54:36 864737 PM", "level": "INFO", "func_name": "worker", "lineno": 54, "filename": "worker_pool.py", "msg": "TASKS STATE: Worker ID: 1, ITER: 1 PENDING| PENDING"}
{"datetime": "2025-09-13 05:54:36 866058 PM", "level": "DEBUG", "func_name": "worker", "lineno": 40, "filename": "worker_pool.py", "msg": "Worker id: 2 launched,<Queue maxsize=30 _queue=[Job(id=0, result=None), Job(id=1, result=None), Job(id=2, result=None), Job(id=3, result=None), Job(id=4, result=None), Job(id=5, result=None), Job(id=6, result=None), Job(id=7, result=None), Job(id=8, result=None), Job(id=9, result=None), Job(id=10, result=None), Job(id=11, result=None), Job(id=12, result=None), Job(id=13, result=None), Job(id=14, result=None), Job(id=15, result=None), Job(id=16, result=None), Job(id=17, result=None), Job(id=18, result=None), Job(id=19, result=None), Job(id=20, result=None), Job(id=21, result=None), Job(id=22, result=None), Job(id=23, result=None), Job(id=24, result=None), Job(id=25, result=None), Job(id=26, result=None), Job(id=27, result=None), Job(id=28, result=None), Job(id=29, result=None)] _putters[1] tasks=30>,<Queue maxsize=1>"}
{"datetime": "2025-09-13 05:54:36 866830 PM", "level": "DEBUG", "func_name": "fetch", "lineno": 25, "filename": "worker_pool.py", "msg": "Fetch generator called"}
{"datetime": "2025-09-13 05:54:36 869029 PM", "level": "INFO", "func_name": "fetch", "lineno": 29, "filename": "worker_pool.py", "msg": "Fetching for None"}
{"datetime": "2025-09-13 05:54:36 869431 PM", "level": "INFO", "func_name": "fetch", "lineno": 32, "filename": "worker_pool.py", "msg": "Fetch primed"}
{"datetime": "2025-09-13 05:54:36 869759 PM", "level": "INFO", "func_name": "worker", "lineno": 45, "filename": "worker_pool.py", "msg": "Worker id: 2; src geneator initalized and primed"}
{"datetime": "2025-09-13 05:54:36 871943 PM", "level": "INFO", "func_name": "worker", "lineno": 50, "filename": "worker_pool.py", "msg": "Worker id: 2; jobs and stop tasks created."}
{"datetime": "2025-09-13 05:54:36 872454 PM", "level": "INFO", "func_name": "worker", "lineno": 54, "filename": "worker_pool.py", "msg": "TASKS STATE: Worker ID: 2, ITER: 1 PENDING| PENDING"}
{"datetime": "2025-09-13 05:54:36 874205 PM", "level": "DEBUG", "func_name": "worker", "lineno": 40, "filename": "worker_pool.py", "msg": "Worker id: 3 launched,<Queue maxsize=30 _queue=[Job(id=0, result=None), Job(id=1, result=None), Job(id=2, result=None), Job(id=3, result=None), Job(id=4, result=None), Job(id=5, result=None), Job(id=6, result=None), Job(id=7, result=None), Job(id=8, result=None), Job(id=9, result=None), Job(id=10, result=None), Job(id=11, result=None), Job(id=12, result=None), Job(id=13, result=None), Job(id=14, result=None), Job(id=15, result=None), Job(id=16, result=None), Job(id=17, result=None), Job(id=18, result=None), Job(id=19, result=None), Job(id=20, result=None), Job(id=21, result=None), Job(id=22, result=None), Job(id=23, result=None), Job(id=24, result=None), Job(id=25, result=None), Job(id=26, result=None), Job(id=27, result=None), Job(id=28, result=None), Job(id=29, result=None)] _putters[1] tasks=30>,<Queue maxsize=1>"}
{"datetime": "2025-09-13 05:54:36 874850 PM", "level": "DEBUG", "func_name": "fetch", "lineno": 25, "filename": "worker_pool.py", "msg": "Fetch generator called"}
{"datetime": "2025-09-13 05:54:36 876905 PM", "level": "INFO", "func_name": "fetch", "lineno": 29, "filename": "worker_pool.py", "msg": "Fetching for None"}
{"datetime": "2025-09-13 05:54:36 877543 PM", "level": "INFO", "func_name": "fetch", "lineno": 32, "filename": "worker_pool.py", "msg": "Fetch primed"}
{"datetime": "2025-09-13 05:54:36 878196 PM", "level": "INFO", "func_name": "worker", "lineno": 45, "filename": "worker_pool.py", "msg": "Worker id: 3; src geneator initalized and primed"}
{"datetime": "2025-09-13 05:54:36 882229 PM", "level": "INFO", "func_name": "worker", "lineno": 50, "filename": "worker_pool.py", "msg": "Worker id: 3; jobs and stop tasks created."}
{"datetime": "2025-09-13 05:54:36 882810 PM", "level": "INFO", "func_name": "worker", "lineno": 54, "filename": "worker_pool.py", "msg": "TASKS STATE: Worker ID: 3, ITER: 1 PENDING| PENDING"}
{"datetime": "2025-09-13 05:54:36 884054 PM", "level": "DEBUG", "func_name": "worker", "lineno": 40, "filename": "worker_pool.py", "msg": "Worker id: 4 launched,<Queue maxsize=30 _queue=[Job(id=0, result=None), Job(id=1, result=None), Job(id=2, result=None), Job(id=3, result=None), Job(id=4, result=None), Job(id=5, result=None), Job(id=6, result=None), Job(id=7, result=None), Job(id=8, result=None), Job(id=9, result=None), Job(id=10, result=None), Job(id=11, result=None), Job(id=12, result=None), Job(id=13, result=None), Job(id=14, result=None), Job(id=15, result=None), Job(id=16, result=None), Job(id=17, result=None), Job(id=18, result=None), Job(id=19, result=None), Job(id=20, result=None), Job(id=21, result=None), Job(id=22, result=None), Job(id=23, result=None), Job(id=24, result=None), Job(id=25, result=None), Job(id=26, result=None), Job(id=27, result=None), Job(id=28, result=None), Job(id=29, result=None)] _putters[1] tasks=30>,<Queue maxsize=1>"}
{"datetime": "2025-09-13 05:54:36 884686 PM", "level": "DEBUG", "func_name": "fetch", "lineno": 25, "filename": "worker_pool.py", "msg": "Fetch generator called"}
{"datetime": "2025-09-13 05:54:36 886232 PM", "level": "INFO", "func_name": "fetch", "lineno": 29, "filename": "worker_pool.py", "msg": "Fetching for None"}
{"datetime": "2025-09-13 05:54:36 886559 PM", "level": "INFO", "func_name": "fetch", "lineno": 32, "filename": "worker_pool.py", "msg": "Fetch primed"}
{"datetime": "2025-09-13 05:54:36 886935 PM", "level": "INFO", "func_name": "worker", "lineno": 45, "filename": "worker_pool.py", "msg": "Worker id: 4; src geneator initalized and primed"}
{"datetime": "2025-09-13 05:54:36 888407 PM", "level": "INFO", "func_name": "worker", "lineno": 50, "filename": "worker_pool.py", "msg": "Worker id: 4; jobs and stop tasks created."}
{"datetime": "2025-09-13 05:54:36 888650 PM", "level": "INFO", "func_name": "worker", "lineno": 54, "filename": "worker_pool.py", "msg": "TASKS STATE: Worker ID: 4, ITER: 1 PENDING| PENDING"}
{"datetime": "2025-09-13 05:54:36 889736 PM", "level": "DEBUG", "func_name": "worker", "lineno": 40, "filename": "worker_pool.py", "msg": "Worker id: 5 launched,<Queue maxsize=30 _queue=[Job(id=0, result=None), Job(id=1, result=None), Job(id=2, result=None), Job(id=3, result=None), Job(id=4, result=None), Job(id=5, result=None), Job(id=6, result=None), Job(id=7, result=None), Job(id=8, result=None), Job(id=9, result=None), Job(id=10, result=None), Job(id=11, result=None), Job(id=12, result=None), Job(id=13, result=None), Job(id=14, result=None), Job(id=15, result=None), Job(id=16, result=None), Job(id=17, result=None), Job(id=18, result=None), Job(id=19, result=None), Job(id=20, result=None), Job(id=21, result=None), Job(id=22, result=None), Job(id=23, result=None), Job(id=24, result=None), Job(id=25, result=None), Job(id=26, result=None), Job(id=27, result=None), Job(id=28, result=None), Job(id=29, result=None)] _putters[1] tasks=30>,<Queue maxsize=1>"}
{"datetime": "2025-09-13 05:54:36 890182 PM", "level": "DEBUG", "func_name": "fetch", "lineno": 25, "filename": "worker_pool.py", "msg": "Fetch generator called"}
{"datetime": "2025-09-13 05:54:36 892033 PM", "level": "INFO", "func_name": "fetch", "lineno": 29, "filename": "worker_pool.py", "msg": "Fetching for None"}
{"datetime": "2025-09-13 05:54:36 892343 PM", "level": "INFO", "func_name": "fetch", "lineno": 32, "filename": "worker_pool.py", "msg": "Fetch primed"}
{"datetime": "2025-09-13 05:54:36 892802 PM", "level": "INFO", "func_name": "worker", "lineno": 45, "filename": "worker_pool.py", "msg": "Worker id: 5; src geneator initalized and primed"}
{"datetime": "2025-09-13 05:54:36 894252 PM", "level": "INFO", "func_name": "worker", "lineno": 50, "filename": "worker_pool.py", "msg": "Worker id: 5; jobs and stop tasks created."}
{"datetime": "2025-09-13 05:54:36 894552 PM", "level": "INFO", "func_name": "worker", "lineno": 54, "filename": "worker_pool.py", "msg": "TASKS STATE: Worker ID: 5, ITER: 1 PENDING| PENDING"}
{"datetime": "2025-09-13 05:54:36 906356 PM", "level": "INFO", "func_name": "consolidater", "lineno": 83, "filename": "worker_pool.py", "msg": "Queue size: 0"}
{"datetime": "2025-09-13 05:54:36 907909 PM", "level": "INFO", "func_name": "launcher", "lineno": 100, "filename": "worker_pool.py", "msg": "Job ID: 31"}
{"datetime": "2025-09-13 05:54:36 908320 PM", "level": "INFO", "func_name": "launcher", "lineno": 100, "filename": "worker_pool.py", "msg": "Job ID: 32"}
{"datetime": "2025-09-13 05:54:36 908602 PM", "level": "INFO", "func_name": "launcher", "lineno": 100, "filename": "worker_pool.py", "msg": "Job ID: 33"}
{"datetime": "2025-09-13 05:54:36 908870 PM", "level": "INFO", "func_name": "launcher", "lineno": 100, "filename": "worker_pool.py", "msg": "Job ID: 34"}
{"datetime": "2025-09-13 05:54:36 909359 PM", "level": "INFO", "func_name": "launcher", "lineno": 100, "filename": "worker_pool.py", "msg": "Job ID: 35"}
{"datetime": "2025-09-13 05:54:36 912772 PM", "level": "INFO", "func_name": "worker", "lineno": 58, "filename": "worker_pool.py", "msg": "TASKS STATE AFTER: Worker ID: 1, ITER: 1 FINISHED| PENDING"}
{"datetime": "2025-09-13 05:54:36 913314 PM", "level": "INFO", "func_name": "worker", "lineno": 69, "filename": "worker_pool.py", "msg": "Worker id: 1; receievd Job(id=0, result=None),0 Request to process"}
{"datetime": "2025-09-13 05:54:36 913861 PM", "level": "INFO", "func_name": "fetch", "lineno": 34, "filename": "worker_pool.py", "msg": "URL: https://xkcd.com/0/info.0.json"}
{"datetime": "2025-09-13 05:54:36 920279 PM", "level": "INFO", "func_name": "worker", "lineno": 58, "filename": "worker_pool.py", "msg": "TASKS STATE AFTER: Worker ID: 2, ITER: 1 FINISHED| PENDING"}
{"datetime": "2025-09-13 05:54:36 922990 PM", "level": "INFO", "func_name": "worker", "lineno": 69, "filename": "worker_pool.py", "msg": "Worker id: 2; receievd Job(id=1, result=None),1 Request to process"}
{"datetime": "2025-09-13 05:54:36 928418 PM", "level": "INFO", "func_name": "fetch", "lineno": 34, "filename": "worker_pool.py", "msg": "URL: https://xkcd.com/1/info.0.json"}
{"datetime": "2025-09-13 05:54:36 935026 PM", "level": "INFO", "func_name": "worker", "lineno": 58, "filename": "worker_pool.py", "msg": "TASKS STATE AFTER: Worker ID: 3, ITER: 1 FINISHED| PENDING"}
{"datetime": "2025-09-13 05:54:36 935499 PM", "level": "INFO", "func_name": "worker", "lineno": 69, "filename": "worker_pool.py", "msg": "Worker id: 3; receievd Job(id=2, result=None),2 Request to process"}
{"datetime": "2025-09-13 05:54:36 935961 PM", "level": "INFO", "func_name": "fetch", "lineno": 34, "filename": "worker_pool.py", "msg": "URL: https://xkcd.com/2/info.0.json"}
{"datetime": "2025-09-13 05:54:36 940307 PM", "level": "INFO", "func_name": "worker", "lineno": 58, "filename": "worker_pool.py", "msg": "TASKS STATE AFTER: Worker ID: 4, ITER: 1 FINISHED| PENDING"}
{"datetime": "2025-09-13 05:54:36 940746 PM", "level": "INFO", "func_name": "worker", "lineno": 69, "filename": "worker_pool.py", "msg": "Worker id: 4; receievd Job(id=3, result=None),3 Request to process"}
{"datetime": "2025-09-13 05:54:36 941036 PM", "level": "INFO", "func_name": "fetch", "lineno": 34, "filename": "worker_pool.py", "msg": "URL: https://xkcd.com/3/info.0.json"}
{"datetime": "2025-09-13 05:54:36 945742 PM", "level": "INFO", "func_name": "worker", "lineno": 58, "filename": "worker_pool.py", "msg": "TASKS STATE AFTER: Worker ID: 5, ITER: 1 FINISHED| PENDING"}
{"datetime": "2025-09-13 05:54:36 946823 PM", "level": "INFO", "func_name": "worker", "lineno": 69, "filename": "worker_pool.py", "msg": "Worker id: 5; receievd Job(id=4, result=None),4 Request to process"}
{"datetime": "2025-09-13 05:54:36 948290 PM", "level": "INFO", "func_name": "fetch", "lineno": 34, "filename": "worker_pool.py", "msg": "URL: https://xkcd.com/4/info.0.json"}
{"datetime": "2025-09-13 05:54:37 478863 PM", "level": "INFO", "func_name": "worker", "lineno": 71, "filename": "worker_pool.py", "msg": "Worker id: 4; receieved result from src req.3 JOB ID"}
{"datetime": "2025-09-13 05:54:37 480912 PM", "level": "INFO", "func_name": "worker", "lineno": 73, "filename": "worker_pool.py", "msg": "Worker id: 4; put req in consolidate.3 JOB ID"}
{"datetime": "2025-09-13 05:54:37 481895 PM", "level": "INFO", "func_name": "worker", "lineno": 74, "filename": "worker_pool.py", "msg": "-------------------------------------------- 4 ------------------------------------------"}
{"datetime": "2025-09-13 05:54:37 484713 PM", "level": "INFO", "func_name": "worker", "lineno": 54, "filename": "worker_pool.py", "msg": "TASKS STATE: Worker ID: 4, ITER: 2 FINISHED| PENDING"}
{"datetime": "2025-09-13 05:54:37 488168 PM", "level": "INFO", "func_name": "consolidater", "lineno": 88, "filename": "worker_pool.py", "msg": "Consolidate for Job ID: 3"}
{"datetime": "2025-09-13 05:54:37 489459 PM", "level": "INFO", "func_name": "consolidater", "lineno": 89, "filename": "worker_pool.py", "msg": "Consolodator received from Job(id=3, result={'month': '1', 'num': 3, 'link': '', 'year': '2006', 'news': '', 'safe_title': 'Island (sketch)', 'transcript': '[[A sketch of an Island]]\\n{{Alt:Hello, island}}', 'alt': 'Hello, island', 'img': 'https://imgs.xkcd.com/comics/island_color.jpg', 'title': 'Island (sketch)', 'day': '1'}) from job.; Will await on req.result and then write it to file"}
{"datetime": "2025-09-13 05:54:37 497511 PM", "level": "INFO", "func_name": "launcher", "lineno": 100, "filename": "worker_pool.py", "msg": "Job ID: 36"}
{"datetime": "2025-09-13 05:54:37 501748 PM", "level": "INFO", "func_name": "consolidater", "lineno": 93, "filename": "worker_pool.py", "msg": "-------------------------------------------------------- 3 ---------------------------------------------"}
{"datetime": "2025-09-13 05:54:37 502854 PM", "level": "INFO", "func_name": "consolidater", "lineno": 83, "filename": "worker_pool.py", "msg": "Queue size: 0"}
{"datetime": "2025-09-13 05:54:37 505502 PM", "level": "INFO", "func_name": "worker", "lineno": 58, "filename": "worker_pool.py", "msg": "TASKS STATE AFTER: Worker ID: 4, ITER: 2 FINISHED| PENDING"}
{"datetime": "2025-09-13 05:54:37 506566 PM", "level": "INFO", "func_name": "worker", "lineno": 69, "filename": "worker_pool.py", "msg": "Worker id: 4; receievd Job(id=5, result=None),5 Request to process"}
{"datetime": "2025-09-13 05:54:37 507736 PM", "level": "INFO", "func_name": "fetch", "lineno": 29, "filename": "worker_pool.py", "msg": "Fetching for 5"}
{"datetime": "2025-09-13 05:54:37 508504 PM", "level": "INFO", "func_name": "fetch", "lineno": 34, "filename": "worker_pool.py", "msg": "URL: https://xkcd.com/5/info.0.json"}
{"datetime": "2025-09-13 05:54:37 994658 PM", "level": "INFO", "func_name": "worker", "lineno": 71, "filename": "worker_pool.py", "msg": "Worker id: 5; receieved result from src req.4 JOB ID"}
{"datetime": "2025-09-13 05:54:37 995751 PM", "level": "INFO", "func_name": "worker", "lineno": 73, "filename": "worker_pool.py", "msg": "Worker id: 5; put req in consolidate.4 JOB ID"}
{"datetime": "2025-09-13 05:54:37 996341 PM", "level": "INFO", "func_name": "worker", "lineno": 74, "filename": "worker_pool.py", "msg": "-------------------------------------------- 5 ------------------------------------------"}
{"datetime": "2025-09-13 05:54:37 997681 PM", "level": "INFO", "func_name": "worker", "lineno": 54, "filename": "worker_pool.py", "msg": "TASKS STATE: Worker ID: 5, ITER: 2 FINISHED| PENDING"}
{"datetime": "2025-09-13 05:54:37 999390 PM", "level": "INFO", "func_name": "worker", "lineno": 71, "filename": "worker_pool.py", "msg": "Worker id: 2; receieved result from src req.1 JOB ID"}
{"datetime": "2025-09-13 05:54:37 999863 PM", "level": "INFO", "func_name": "worker", "lineno": 73, "filename": "worker_pool.py", "msg": "Worker id: 2; put req in consolidate.1 JOB ID"}
{"datetime": "2025-09-13 05:54:38 000204 PM", "level": "INFO", "func_name": "worker", "lineno": 74, "filename": "worker_pool.py", "msg": "-------------------------------------------- 2 ------------------------------------------"}
{"datetime": "2025-09-13 05:54:38 001104 PM", "level": "INFO", "func_name": "worker", "lineno": 54, "filename": "worker_pool.py", "msg": "TASKS STATE: Worker ID: 2, ITER: 2 FINISHED| PENDING"}
{"datetime": "2025-09-13 05:54:38 002502 PM", "level": "INFO", "func_name": "worker", "lineno": 71, "filename": "worker_pool.py", "msg": "Worker id: 1; receieved result from src req.0 JOB ID"}
{"datetime": "2025-09-13 05:54:38 002958 PM", "level": "INFO", "func_name": "worker", "lineno": 73, "filename": "worker_pool.py", "msg": "Worker id: 1; put req in consolidate.0 JOB ID"}
{"datetime": "2025-09-13 05:54:38 003299 PM", "level": "INFO", "func_name": "worker", "lineno": 74, "filename": "worker_pool.py", "msg": "-------------------------------------------- 1 ------------------------------------------"}
{"datetime": "2025-09-13 05:54:38 004421 PM", "level": "INFO", "func_name": "worker", "lineno": 54, "filename": "worker_pool.py", "msg": "TASKS STATE: Worker ID: 1, ITER: 2 FINISHED| PENDING"}
{"datetime": "2025-09-13 05:54:38 006238 PM", "level": "INFO", "func_name": "worker", "lineno": 71, "filename": "worker_pool.py", "msg": "Worker id: 3; receieved result from src req.2 JOB ID"}
{"datetime": "2025-09-13 05:54:38 006684 PM", "level": "INFO", "func_name": "worker", "lineno": 73, "filename": "worker_pool.py", "msg": "Worker id: 3; put req in consolidate.2 JOB ID"}
{"datetime": "2025-09-13 05:54:38 007683 PM", "level": "INFO", "func_name": "worker", "lineno": 74, "filename": "worker_pool.py", "msg": "-------------------------------------------- 3 ------------------------------------------"}
{"datetime": "2025-09-13 05:54:38 009944 PM", "level": "INFO", "func_name": "worker", "lineno": 54, "filename": "worker_pool.py", "msg": "TASKS STATE: Worker ID: 3, ITER: 2 FINISHED| PENDING"}
{"datetime": "2025-09-13 05:54:38 012975 PM", "level": "INFO", "func_name": "consolidater", "lineno": 88, "filename": "worker_pool.py", "msg": "Consolidate for Job ID: 4"}
{"datetime": "2025-09-13 05:54:38 013983 PM", "level": "INFO", "func_name": "consolidater", "lineno": 89, "filename": "worker_pool.py", "msg": "Consolodator received from Job(id=4, result={'month': '1', 'num': 4, 'link': '', 'year': '2006', 'news': '', 'safe_title': 'Landscape (sketch)', 'transcript': \"[[A sketch of a landscape with sun on the horizon]]\\n{{Alt: There's a river flowing through the ocean}}\", 'alt': \"There's a river flowing through the ocean\", 'img': 'https://imgs.xkcd.com/comics/landscape_cropped_(1).jpg', 'title': 'Landscape (sketch)', 'day': '1'}) from job.; Will await on req.result and then write it to file"}
{"datetime": "2025-09-13 05:54:38 017397 PM", "level": "INFO", "func_name": "launcher", "lineno": 100, "filename": "worker_pool.py", "msg": "Job ID: 37"}
{"datetime": "2025-09-13 05:54:38 017833 PM", "level": "INFO", "func_name": "launcher", "lineno": 100, "filename": "worker_pool.py", "msg": "Job ID: 38"}
{"datetime": "2025-09-13 05:54:38 018244 PM", "level": "INFO", "func_name": "launcher", "lineno": 100, "filename": "worker_pool.py", "msg": "Job ID: 39"}
{"datetime": "2025-09-13 05:54:38 019441 PM", "level": "INFO", "func_name": "launcher", "lineno": 100, "filename": "worker_pool.py", "msg": "Job ID: 40"}
{"datetime": "2025-09-13 05:54:38 023777 PM", "level": "INFO", "func_name": "consolidater", "lineno": 93, "filename": "worker_pool.py", "msg": "-------------------------------------------------------- 4 ---------------------------------------------"}
{"datetime": "2025-09-13 05:54:38 025121 PM", "level": "INFO", "func_name": "consolidater", "lineno": 83, "filename": "worker_pool.py", "msg": "Queue size: 3"}
{"datetime": "2025-09-13 05:54:38 025573 PM", "level": "INFO", "func_name": "consolidater", "lineno": 88, "filename": "worker_pool.py", "msg": "Consolidate for Job ID: 1"}
{"datetime": "2025-09-13 05:54:38 026119 PM", "level": "INFO", "func_name": "consolidater", "lineno": 89, "filename": "worker_pool.py", "msg": "Consolodator received from Job(id=1, result={'month': '1', 'num': 1, 'link': '', 'year': '2006', 'news': '', 'safe_title': 'Barrel - Part 1', 'transcript': \"[[A boy sits in a barrel which is floating in an ocean.]]\\nBoy: I wonder where I'll float next?\\n[[The barrel drifts into the distance. Nothing else can be seen.]]\\n{{Alt: Don't we all.}}\", 'alt': \"Don't we all.\", 'img': 'https://imgs.xkcd.com/comics/barrel_cropped_(1).jpg', 'title': 'Barrel - Part 1', 'day': '1'}) from job.; Will await on req.result and then write it to file"}
{"datetime": "2025-09-13 05:54:38 028508 PM", "level": "INFO", "func_name": "worker", "lineno": 58, "filename": "worker_pool.py", "msg": "TASKS STATE AFTER: Worker ID: 5, ITER: 2 FINISHED| PENDING"}
{"datetime": "2025-09-13 05:54:38 029009 PM", "level": "INFO", "func_name": "worker", "lineno": 69, "filename": "worker_pool.py", "msg": "Worker id: 5; receievd Job(id=6, result=None),6 Request to process"}
{"datetime": "2025-09-13 05:54:38 029375 PM", "level": "INFO", "func_name": "fetch", "lineno": 29, "filename": "worker_pool.py", "msg": "Fetching for 6"}
{"datetime": "2025-09-13 05:54:38 029614 PM", "level": "INFO", "func_name": "fetch", "lineno": 34, "filename": "worker_pool.py", "msg": "URL: https://xkcd.com/6/info.0.json"}
{"datetime": "2025-09-13 05:54:38 034863 PM", "level": "INFO", "func_name": "worker", "lineno": 58, "filename": "worker_pool.py", "msg": "TASKS STATE AFTER: Worker ID: 2, ITER: 2 FINISHED| PENDING"}
{"datetime": "2025-09-13 05:54:38 035349 PM", "level": "INFO", "func_name": "worker", "lineno": 69, "filename": "worker_pool.py", "msg": "Worker id: 2; receievd Job(id=7, result=None),7 Request to process"}
{"datetime": "2025-09-13 05:54:38 036502 PM", "level": "INFO", "func_name": "fetch", "lineno": 29, "filename": "worker_pool.py", "msg": "Fetching for 7"}
{"datetime": "2025-09-13 05:54:38 037184 PM", "level": "INFO", "func_name": "fetch", "lineno": 34, "filename": "worker_pool.py", "msg": "URL: https://xkcd.com/7/info.0.json"}
{"datetime": "2025-09-13 05:54:38 043979 PM", "level": "INFO", "func_name": "worker", "lineno": 58, "filename": "worker_pool.py", "msg": "TASKS STATE AFTER: Worker ID: 1, ITER: 2 FINISHED| PENDING"}
{"datetime": "2025-09-13 05:54:38 044353 PM", "level": "INFO", "func_name": "worker", "lineno": 69, "filename": "worker_pool.py", "msg": "Worker id: 1; receievd Job(id=8, result=None),8 Request to process"}
{"datetime": "2025-09-13 05:54:38 044773 PM", "level": "INFO", "func_name": "fetch", "lineno": 29, "filename": "worker_pool.py", "msg": "Fetching for 8"}
{"datetime": "2025-09-13 05:54:38 045168 PM", "level": "INFO", "func_name": "fetch", "lineno": 34, "filename": "worker_pool.py", "msg": "URL: https://xkcd.com/8/info.0.json"}
{"datetime": "2025-09-13 05:54:38 049380 PM", "level": "INFO", "func_name": "worker", "lineno": 58, "filename": "worker_pool.py", "msg": "TASKS STATE AFTER: Worker ID: 3, ITER: 2 FINISHED| PENDING"}
{"datetime": "2025-09-13 05:54:38 051040 PM", "level": "INFO", "func_name": "worker", "lineno": 69, "filename": "worker_pool.py", "msg": "Worker id: 3; receievd Job(id=9, result=None),9 Request to process"}
{"datetime": "2025-09-13 05:54:38 051706 PM", "level": "INFO", "func_name": "fetch", "lineno": 29, "filename": "worker_pool.py", "msg": "Fetching for 9"}
{"datetime": "2025-09-13 05:54:38 052126 PM", "level": "INFO", "func_name": "fetch", "lineno": 34, "filename": "worker_pool.py", "msg": "URL: https://xkcd.com/9/info.0.json"}
{"datetime": "2025-09-13 05:54:38 059460 PM", "level": "INFO", "func_name": "consolidater", "lineno": 93, "filename": "worker_pool.py", "msg": "-------------------------------------------------------- 1 ---------------------------------------------"}
{"datetime": "2025-09-13 05:54:38 059936 PM", "level": "INFO", "func_name": "consolidater", "lineno": 83, "filename": "worker_pool.py", "msg": "Queue size: 2"}
{"datetime": "2025-09-13 05:54:38 060351 PM", "level": "INFO", "func_name": "consolidater", "lineno": 88, "filename": "worker_pool.py", "msg": "Consolidate for Job ID: 0"}
{"datetime": "2025-09-13 05:54:38 060832 PM", "level": "INFO", "func_name": "consolidater", "lineno": 89, "filename": "worker_pool.py", "msg": "Consolodator received from Job(id=0, result={}) from job.; Will await on req.result and then write it to file"}
{"datetime": "2025-09-13 05:54:38 063550 PM", "level": "INFO", "func_name": "consolidater", "lineno": 93, "filename": "worker_pool.py", "msg": "-------------------------------------------------------- 0 ---------------------------------------------"}
{"datetime": "2025-09-13 05:54:38 063952 PM", "level": "INFO", "func_name": "consolidater", "lineno": 83, "filename": "worker_pool.py", "msg": "Queue size: 1"}
{"datetime": "2025-09-13 05:54:38 064364 PM", "level": "INFO", "func_name": "consolidater", "lineno": 88, "filename": "worker_pool.py", "msg": "Consolidate for Job ID: 2"}
{"datetime": "2025-09-13 05:54:38 064845 PM", "level": "INFO", "func_name": "consolidater", "lineno": 89, "filename": "worker_pool.py", "msg": "Consolodator received from Job(id=2, result={'month': '1', 'num': 2, 'link': '', 'year': '2006', 'news': '', 'safe_title': 'Petit Trees (sketch)', 'transcript': \"[[Two trees are growing on opposite sides of a sphere.]]\\n{{Alt-title: 'Petit' being a reference to Le Petit Prince, which I only thought about halfway through the sketch}}\", 'alt': \"'Petit' being a reference to Le Petit Prince, which I only thought about halfway through the sketch\", 'img': 'https://imgs.xkcd.com/comics/tree_cropped_(1).jpg', 'title': 'Petit Trees (sketch)', 'day': '1'}) from job.; Will await on req.result and then write it to file"}
{"datetime": "2025-09-13 05:54:38 068445 PM", "level": "INFO", "func_name": "consolidater", "lineno": 93, "filename": "worker_pool.py", "msg": "-------------------------------------------------------- 2 ---------------------------------------------"}
{"datetime": "2025-09-13 05:54:38 068960 PM", "level": "INFO", "func_name": "consolidater", "lineno": 83, "filename": "worker_pool.py", "msg": "Queue size: 0"}
{"datetime": "2025-09-13 05:54:38 395784 PM", "level": "INFO", "func_name": "worker", "lineno": 71, "filename": "worker_pool.py", "msg": "Worker id: 4; receieved result from src req.5 JOB ID"}
{"datetime": "2025-09-13 05:54:38 397912 PM", "level": "INFO", "func_name": "worker", "lineno": 73, "filename": "worker_pool.py", "msg": "Worker id: 4; put req in consolidate.5 JOB ID"}
{"datetime": "2025-09-13 05:54:38 398951 PM", "level": "INFO", "func_name": "worker", "lineno": 74, "filename": "worker_pool.py", "msg": "-------------------------------------------- 4 ------------------------------------------"}
{"datetime": "2025-09-13 05:54:38 401959 PM", "level": "INFO", "func_name": "worker", "lineno": 54, "filename": "worker_pool.py", "msg": "TASKS STATE: Worker ID: 4, ITER: 3 FINISHED| PENDING"}
{"datetime": "2025-09-13 05:54:38 404591 PM", "level": "INFO", "func_name": "consolidater", "lineno": 88, "filename": "worker_pool.py", "msg": "Consolidate for Job ID: 5"}
{"datetime": "2025-09-13 05:54:38 405525 PM", "level": "INFO", "func_name": "consolidater", "lineno": 89, "filename": "worker_pool.py", "msg": "Consolodator received from Job(id=5, result={'month': '1', 'num': 5, 'link': '', 'year': '2006', 'news': '', 'safe_title': 'Blown apart', 'transcript': '[[A black number 70 sees a red package.]]\\n70: hey, a package!\\n[[The package explodes with a <<BOOM>> and a red cloud of smoke.]]\\n[[There are a red 7, a green 5 and a blue 2 lying near a scorched mark on the floor.]]\\n{{alt text: Blown into prime factors}}', 'alt': 'Blown into prime factors', 'img': 'https://imgs.xkcd.com/comics/blownapart_color.jpg', 'title': 'Blown apart', 'day': '1'}) from job.; Will await on req.result and then write it to file"}
{"datetime": "2025-09-13 05:54:38 412651 PM", "level": "INFO", "func_name": "launcher", "lineno": 103, "filename": "worker_pool.py", "msg": "Sending Stop signal on Stop."}
{"datetime": "2025-09-13 05:54:38 413561 PM", "level": "INFO", "func_name": "launcher", "lineno": 105, "filename": "worker_pool.py", "msg": "Sent Stop signal on Stop."}
{"datetime": "2025-09-13 05:54:38 415554 PM", "level": "INFO", "func_name": "consolidater", "lineno": 93, "filename": "worker_pool.py", "msg": "-------------------------------------------------------- 5 ---------------------------------------------"}
{"datetime": "2025-09-13 05:54:38 416751 PM", "level": "INFO", "func_name": "consolidater", "lineno": 83, "filename": "worker_pool.py", "msg": "Queue size: 0"}
{"datetime": "2025-09-13 05:54:38 419245 PM", "level": "INFO", "func_name": "worker", "lineno": 58, "filename": "worker_pool.py", "msg": "TASKS STATE AFTER: Worker ID: 4, ITER: 3 FINISHED| PENDING"}
{"datetime": "2025-09-13 05:54:38 420921 PM", "level": "INFO", "func_name": "worker", "lineno": 69, "filename": "worker_pool.py", "msg": "Worker id: 4; receievd Job(id=10, result=None),10 Request to process"}
{"datetime": "2025-09-13 05:54:38 421612 PM", "level": "INFO", "func_name": "fetch", "lineno": 29, "filename": "worker_pool.py", "msg": "Fetching for 10"}
{"datetime": "2025-09-13 05:54:38 422144 PM", "level": "INFO", "func_name": "fetch", "lineno": 34, "filename": "worker_pool.py", "msg": "URL: https://xkcd.com/10/info.0.json"}
{"datetime": "2025-09-13 05:54:38 909182 PM", "level": "INFO", "func_name": "worker", "lineno": 71, "filename": "worker_pool.py", "msg": "Worker id: 5; receieved result from src req.6 JOB ID"}
{"datetime": "2025-09-13 05:54:38 909817 PM", "level": "INFO", "func_name": "worker", "lineno": 73, "filename": "worker_pool.py", "msg": "Worker id: 5; put req in consolidate.6 JOB ID"}
{"datetime": "2025-09-13 05:54:38 910120 PM", "level": "INFO", "func_name": "worker", "lineno": 74, "filename": "worker_pool.py", "msg": "-------------------------------------------- 5 ------------------------------------------"}
{"datetime": "2025-09-13 05:54:38 910884 PM", "level": "INFO", "func_name": "worker", "lineno": 54, "filename": "worker_pool.py", "msg": "TASKS STATE: Worker ID: 5, ITER: 3 FINISHED| PENDING"}
{"datetime": "2025-09-13 05:54:38 912069 PM", "level": "INFO", "func_name": "worker", "lineno": 71, "filename": "worker_pool.py", "msg": "Worker id: 2; receieved result from src req.7 JOB ID"}
{"datetime": "2025-09-13 05:54:38 912349 PM", "level": "INFO", "func_name": "worker", "lineno": 73, "filename": "worker_pool.py", "msg": "Worker id: 2; put req in consolidate.7 JOB ID"}
{"datetime": "2025-09-13 05:54:38 912627 PM", "level": "INFO", "func_name": "worker", "lineno": 74, "filename": "worker_pool.py", "msg": "-------------------------------------------- 2 ------------------------------------------"}
{"datetime": "2025-09-13 05:54:38 913393 PM", "level": "INFO", "func_name": "worker", "lineno": 54, "filename": "worker_pool.py", "msg": "TASKS STATE: Worker ID: 2, ITER: 3 FINISHED| PENDING"}
{"datetime": "2025-09-13 05:54:38 914678 PM", "level": "INFO", "func_name": "worker", "lineno": 71, "filename": "worker_pool.py", "msg": "Worker id: 3; receieved result from src req.9 JOB ID"}
{"datetime": "2025-09-13 05:54:38 915042 PM", "level": "INFO", "func_name": "worker", "lineno": 73, "filename": "worker_pool.py", "msg": "Worker id: 3; put req in consolidate.9 JOB ID"}
{"datetime": "2025-09-13 05:54:38 915329 PM", "level": "INFO", "func_name": "worker", "lineno": 74, "filename": "worker_pool.py", "msg": "-------------------------------------------- 3 ------------------------------------------"}
{"datetime": "2025-09-13 05:54:38 916451 PM", "level": "INFO", "func_name": "worker", "lineno": 54, "filename": "worker_pool.py", "msg": "TASKS STATE: Worker ID: 3, ITER: 3 FINISHED| PENDING"}
{"datetime": "2025-09-13 05:54:38 917820 PM", "level": "INFO", "func_name": "worker", "lineno": 71, "filename": "worker_pool.py", "msg": "Worker id: 1; receieved result from src req.8 JOB ID"}
{"datetime": "2025-09-13 05:54:38 918292 PM", "level": "INFO", "func_name": "worker", "lineno": 73, "filename": "worker_pool.py", "msg": "Worker id: 1; put req in consolidate.8 JOB ID"}
{"datetime": "2025-09-13 05:54:38 918640 PM", "level": "INFO", "func_name": "worker", "lineno": 74, "filename": "worker_pool.py", "msg": "-------------------------------------------- 1 ------------------------------------------"}
{"datetime": "2025-09-13 05:54:38 919766 PM", "level": "INFO", "func_name": "worker", "lineno": 54, "filename": "worker_pool.py", "msg": "TASKS STATE: Worker ID: 1, ITER: 3 FINISHED| FINISHED"}
{"datetime": "2025-09-13 05:54:38 920988 PM", "level": "INFO", "func_name": "consolidater", "lineno": 88, "filename": "worker_pool.py", "msg": "Consolidate for Job ID: 6"}
{"datetime": "2025-09-13 05:54:38 921435 PM", "level": "INFO", "func_name": "consolidater", "lineno": 89, "filename": "worker_pool.py", "msg": "Consolodator received from Job(id=6, result={'month': '1', 'num': 6, 'link': '', 'year': '2006', 'news': '', 'safe_title': 'Irony', 'transcript': \"Narrator: When self-reference, irony, and meta-humor go too far\\nNarrator: A CAUTIONARY TALE\\nMan 1: This statement wouldn't be funny if not for irony!\\nMan 1: ha ha\\nMan 2: ha ha, I guess.\\nNarrator: 20,000 years later...\\n[[desolate badlands landscape with an imposing sun in the sky]]\\n{{It's commonly known that too much perspective can be a downer.}}\", 'alt': \"It's commonly known that too much perspective can be a downer.\", 'img': 'https://imgs.xkcd.com/comics/irony_color.jpg', 'title': 'Irony', 'day': '1'}) from job.; Will await on req.result and then write it to file"}
{"datetime": "2025-09-13 05:54:38 929383 PM", "level": "INFO", "func_name": "worker", "lineno": 58, "filename": "worker_pool.py", "msg": "TASKS STATE AFTER: Worker ID: 1, ITER: 3 FINISHED| FINISHED"}
{"datetime": "2025-09-13 05:54:38 930018 PM", "level": "INFO", "func_name": "worker", "lineno": 69, "filename": "worker_pool.py", "msg": "Worker id: 1; receievd Job(id=14, result=None),14 Request to process"}
{"datetime": "2025-09-13 05:54:38 930578 PM", "level": "INFO", "func_name": "fetch", "lineno": 29, "filename": "worker_pool.py", "msg": "Fetching for 14"}
{"datetime": "2025-09-13 05:54:38 930889 PM", "level": "INFO", "func_name": "fetch", "lineno": 34, "filename": "worker_pool.py", "msg": "URL: https://xkcd.com/14/info.0.json"}
{"datetime": "2025-09-13 05:54:38 936872 PM", "level": "INFO", "func_name": "consolidater", "lineno": 93, "filename": "worker_pool.py", "msg": "-------------------------------------------------------- 6 ---------------------------------------------"}
{"datetime": "2025-09-13 05:54:38 937448 PM", "level": "INFO", "func_name": "consolidater", "lineno": 83, "filename": "worker_pool.py", "msg": "Queue size: 3"}
{"datetime": "2025-09-13 05:54:38 937901 PM", "level": "INFO", "func_name": "consolidater", "lineno": 88, "filename": "worker_pool.py", "msg": "Consolidate for Job ID: 7"}
{"datetime": "2025-09-13 05:54:38 938356 PM", "level": "INFO", "func_name": "consolidater", "lineno": 89, "filename": "worker_pool.py", "msg": "Consolodator received from Job(id=7, result={'month': '1', 'num': 7, 'link': '', 'year': '2006', 'news': '', 'safe_title': 'Girl sleeping (Sketch -- 11th grade Spanish class)', 'transcript': '[[Girl sleeping on her side, facing away from view]]', 'alt': \"I don't remember her name at all, but she fell asleep on the floor in front of me.\", 'img': 'https://imgs.xkcd.com/comics/girl_sleeping_noline_(1).jpg', 'title': 'Girl sleeping (Sketch -- 11th grade Spanish class)', 'day': '1'}) from job.; Will await on req.result and then write it to file"}
{"datetime": "2025-09-13 05:54:38 940050 PM", "level": "INFO", "func_name": "worker", "lineno": 58, "filename": "worker_pool.py", "msg": "TASKS STATE AFTER: Worker ID: 5, ITER: 3 FINISHED| PENDING"}
{"datetime": "2025-09-13 05:54:38 940487 PM", "level": "INFO", "func_name": "worker", "lineno": 69, "filename": "worker_pool.py", "msg": "Worker id: 5; receievd Job(id=11, result=None),11 Request to process"}
{"datetime": "2025-09-13 05:54:38 940977 PM", "level": "INFO", "func_name": "fetch", "lineno": 29, "filename": "worker_pool.py", "msg": "Fetching for 11"}
{"datetime": "2025-09-13 05:54:38 941333 PM", "level": "INFO", "func_name": "fetch", "lineno": 34, "filename": "worker_pool.py", "msg": "URL: https://xkcd.com/11/info.0.json"}
{"datetime": "2025-09-13 05:54:38 947951 PM", "level": "INFO", "func_name": "worker", "lineno": 58, "filename": "worker_pool.py", "msg": "TASKS STATE AFTER: Worker ID: 2, ITER: 3 FINISHED| PENDING"}
{"datetime": "2025-09-13 05:54:38 948432 PM", "level": "INFO", "func_name": "worker", "lineno": 69, "filename": "worker_pool.py", "msg": "Worker id: 2; receievd Job(id=12, result=None),12 Request to process"}
{"datetime": "2025-09-13 05:54:38 948988 PM", "level": "INFO", "func_name": "fetch", "lineno": 29, "filename": "worker_pool.py", "msg": "Fetching for 12"}
{"datetime": "2025-09-13 05:54:38 949286 PM", "level": "INFO", "func_name": "fetch", "lineno": 34, "filename": "worker_pool.py", "msg": "URL: https://xkcd.com/12/info.0.json"}
{"datetime": "2025-09-13 05:54:38 954931 PM", "level": "INFO", "func_name": "worker", "lineno": 58, "filename": "worker_pool.py", "msg": "TASKS STATE AFTER: Worker ID: 3, ITER: 3 FINISHED| PENDING"}
{"datetime": "2025-09-13 05:54:38 955534 PM", "level": "INFO", "func_name": "worker", "lineno": 69, "filename": "worker_pool.py", "msg": "Worker id: 3; receievd Job(id=13, result=None),13 Request to process"}
{"datetime": "2025-09-13 05:54:38 956166 PM", "level": "INFO", "func_name": "fetch", "lineno": 29, "filename": "worker_pool.py", "msg": "Fetching for 13"}
{"datetime": "2025-09-13 05:54:38 956806 PM", "level": "INFO", "func_name": "fetch", "lineno": 34, "filename": "worker_pool.py", "msg": "URL: https://xkcd.com/13/info.0.json"}
{"datetime": "2025-09-13 05:54:38 963109 PM", "level": "INFO", "func_name": "consolidater", "lineno": 93, "filename": "worker_pool.py", "msg": "-------------------------------------------------------- 7 ---------------------------------------------"}
{"datetime": "2025-09-13 05:54:38 963480 PM", "level": "INFO", "func_name": "consolidater", "lineno": 83, "filename": "worker_pool.py", "msg": "Queue size: 2"}
{"datetime": "2025-09-13 05:54:38 963865 PM", "level": "INFO", "func_name": "consolidater", "lineno": 88, "filename": "worker_pool.py", "msg": "Consolidate for Job ID: 9"}
{"datetime": "2025-09-13 05:54:38 964296 PM", "level": "INFO", "func_name": "consolidater", "lineno": 89, "filename": "worker_pool.py", "msg": "Consolodator received from Job(id=9, result={'month': '1', 'num': 9, 'link': '', 'year': '2006', 'news': '', 'safe_title': 'Serenity is coming out tomorrow', 'transcript': '[[Several stick figures stand side by side in a lineup. A forlorn male in a coat, a male with combed hair, a male with spiky hair and arms outstretched enthusiastically, a female with long hair and cornrows, a shorter female with stringy hair falling over her face, an enthusiastic female with arms raised in celebration with shorter hair, a male with short hair and a goatee, a female with curly hair wearing a dress, and a stern-looking man with flyaway hair. There is no dialogue.]] \\n{{Alt: Mal, Simon, Wash, Zoe, River, Kaylee, Jayne, Inara, Book.}}', 'alt': 'Mal, Simon, Wash, Zoe, River, Kaylee, Jayne, Inara, Book.', 'img': 'https://imgs.xkcd.com/comics/firefly.jpg', 'title': 'Serenity is coming out tomorrow', 'day': '1'}) from job.; Will await on req.result and then write it to file"}
{"datetime": "2025-09-13 05:54:38 966967 PM", "level": "INFO", "func_name": "consolidater", "lineno": 93, "filename": "worker_pool.py", "msg": "-------------------------------------------------------- 9 ---------------------------------------------"}
{"datetime": "2025-09-13 05:54:38 967417 PM", "level": "INFO", "func_name": "consolidater", "lineno": 83, "filename": "worker_pool.py", "msg": "Queue size: 1"}
{"datetime": "2025-09-13 05:54:38 968204 PM", "level": "INFO", "func_name": "consolidater", "lineno": 88, "filename": "worker_pool.py", "msg": "Consolidate for Job ID: 8"}
{"datetime": "2025-09-13 05:54:38 969190 PM", "level": "INFO", "func_name": "consolidater", "lineno": 89, "filename": "worker_pool.py", "msg": "Consolodator received from Job(id=8, result={'month': '1', 'num': 8, 'link': '', 'year': '2006', 'news': '', 'safe_title': 'Red spiders', 'transcript': '[[Many red spiders standing on and hanging from cuboids. The cuboids hang in the air with no visible means of support.]]\\n{{They are six-legged spiders}}', 'alt': 'They are six-legged spiders', 'img': 'https://imgs.xkcd.com/comics/red_spiders_small.jpg', 'title': 'Red spiders', 'day': '1'}) from job.; Will await on req.result and then write it to file"}
{"datetime": "2025-09-13 05:54:38 971883 PM", "level": "INFO", "func_name": "consolidater", "lineno": 93, "filename": "worker_pool.py", "msg": "-------------------------------------------------------- 8 ---------------------------------------------"}
{"datetime": "2025-09-13 05:54:38 972277 PM", "level": "INFO", "func_name": "consolidater", "lineno": 83, "filename": "worker_pool.py", "msg": "Queue size: 0"}
{"datetime": "2025-09-13 05:54:39 245562 PM", "level": "INFO", "func_name": "worker", "lineno": 71, "filename": "worker_pool.py", "msg": "Worker id: 3; receieved result from src req.13 JOB ID"}
{"datetime": "2025-09-13 05:54:39 247520 PM", "level": "INFO", "func_name": "worker", "lineno": 73, "filename": "worker_pool.py", "msg": "Worker id: 3; put req in consolidate.13 JOB ID"}
{"datetime": "2025-09-13 05:54:39 248505 PM", "level": "INFO", "func_name": "worker", "lineno": 74, "filename": "worker_pool.py", "msg": "-------------------------------------------- 3 ------------------------------------------"}
{"datetime": "2025-09-13 05:54:39 251227 PM", "level": "INFO", "func_name": "worker", "lineno": 54, "filename": "worker_pool.py", "msg": "TASKS STATE: Worker ID: 3, ITER: 4 FINISHED| PENDING"}
{"datetime": "2025-09-13 05:54:39 254644 PM", "level": "INFO", "func_name": "worker", "lineno": 71, "filename": "worker_pool.py", "msg": "Worker id: 2; receieved result from src req.12 JOB ID"}
{"datetime": "2025-09-13 05:54:39 255446 PM", "level": "INFO", "func_name": "worker", "lineno": 73, "filename": "worker_pool.py", "msg": "Worker id: 2; put req in consolidate.12 JOB ID"}
{"datetime": "2025-09-13 05:54:39 256255 PM", "level": "INFO", "func_name": "worker", "lineno": 74, "filename": "worker_pool.py", "msg": "-------------------------------------------- 2 ------------------------------------------"}
{"datetime": "2025-09-13 05:54:39 258668 PM", "level": "INFO", "func_name": "worker", "lineno": 54, "filename": "worker_pool.py", "msg": "TASKS STATE: Worker ID: 2, ITER: 4 FINISHED| PENDING"}
{"datetime": "2025-09-13 05:54:39 260208 PM", "level": "INFO", "func_name": "consolidater", "lineno": 88, "filename": "worker_pool.py", "msg": "Consolidate for Job ID: 13"}
{"datetime": "2025-09-13 05:54:39 260829 PM", "level": "INFO", "func_name": "consolidater", "lineno": 89, "filename": "worker_pool.py", "msg": "Consolodator received from Job(id=13, result={'month': '1', 'num': 13, 'link': '', 'year': '2006', 'news': '', 'safe_title': 'Canyon', 'transcript': \"[[Two men are standing at some kind of cliff edge]]\\nMan 1: What time is it?\\nMan 2: Now.\\n[[Full scene is revealed: the men are standing at the edge of a huge canyon in a rocky, barren landscape. A pock-marked moon and a ringed planet are visible in the burgundy-coloured sky]]\\nMan 1: That's a pretty boring answer.\\nMan 2: Is not.\\nMan 2: It's the least boring answer imaginable.\\n{{Alt text: They're standing at the lip of the canyon, which isn't clear at all.}}\", 'alt': \"They're standing at the lip of the canyon, which isn't clear at all.\", 'img': 'https://imgs.xkcd.com/comics/canyon_small.jpg', 'title': 'Canyon', 'day': '1'}) from job.; Will await on req.result and then write it to file"}
{"datetime": "2025-09-13 05:54:39 267256 PM", "level": "INFO", "func_name": "worker", "lineno": 71, "filename": "worker_pool.py", "msg": "Worker id: 4; receieved result from src req.10 JOB ID"}
{"datetime": "2025-09-13 05:54:39 268955 PM", "level": "INFO", "func_name": "worker", "lineno": 73, "filename": "worker_pool.py", "msg": "Worker id: 4; put req in consolidate.10 JOB ID"}
{"datetime": "2025-09-13 05:54:39 270106 PM", "level": "INFO", "func_name": "worker", "lineno": 74, "filename": "worker_pool.py", "msg": "-------------------------------------------- 4 ------------------------------------------"}
{"datetime": "2025-09-13 05:54:39 271330 PM", "level": "INFO", "func_name": "worker", "lineno": 54, "filename": "worker_pool.py", "msg": "TASKS STATE: Worker ID: 4, ITER: 4 FINISHED| PENDING"}
{"datetime": "2025-09-13 05:54:39 272505 PM", "level": "INFO", "func_name": "consolidater", "lineno": 93, "filename": "worker_pool.py", "msg": "-------------------------------------------------------- 13 ---------------------------------------------"}
{"datetime": "2025-09-13 05:54:39 272903 PM", "level": "INFO", "func_name": "consolidater", "lineno": 83, "filename": "worker_pool.py", "msg": "Queue size: 2"}
{"datetime": "2025-09-13 05:54:39 273289 PM", "level": "INFO", "func_name": "consolidater", "lineno": 88, "filename": "worker_pool.py", "msg": "Consolidate for Job ID: 12"}
{"datetime": "2025-09-13 05:54:39 273699 PM", "level": "INFO", "func_name": "consolidater", "lineno": 89, "filename": "worker_pool.py", "msg": "Consolodator received from Job(id=12, result={'month': '1', 'num': 12, 'link': '', 'year': '2006', 'news': '', 'safe_title': 'Poisson', 'transcript': \"[[A stick figure says to another black-hat-wearing figure.]]\\nMan: I'm a poisson distribution!\\nMan: Still a poisson distribution.\\nHat Guy: What the hell, man.  Why do you keep saying that?\\nMan: Because I'm totally a poisson distribution.\\nHat Guy: I'm less than zero.\\n[[Man is gone; Hat Guy is whistling.]]\\n{{alt text: Poisson distributions have no value over negative numbers}}\", 'alt': 'Poisson distributions have no value over negative numbers', 'img': 'https://imgs.xkcd.com/comics/poisson.jpg', 'title': 'Poisson', 'day': '1'}) from job.; Will await on req.result and then write it to file"}
{"datetime": "2025-09-13 05:54:39 274674 PM", "level": "INFO", "func_name": "worker", "lineno": 58, "filename": "worker_pool.py", "msg": "TASKS STATE AFTER: Worker ID: 3, ITER: 4 FINISHED| PENDING"}
{"datetime": "2025-09-13 05:54:39 275177 PM", "level": "INFO", "func_name": "worker", "lineno": 69, "filename": "worker_pool.py", "msg": "Worker id: 3; receievd Job(id=15, result=None),15 Request to process"}
{"datetime": "2025-09-13 05:54:39 275784 PM", "level": "INFO", "func_name": "fetch", "lineno": 29, "filename": "worker_pool.py", "msg": "Fetching for 15"}
{"datetime": "2025-09-13 05:54:39 276186 PM", "level": "INFO", "func_name": "fetch", "lineno": 34, "filename": "worker_pool.py", "msg": "URL: https://xkcd.com/15/info.0.json"}
{"datetime": "2025-09-13 05:54:39 282241 PM", "level": "INFO", "func_name": "worker", "lineno": 58, "filename": "worker_pool.py", "msg": "TASKS STATE AFTER: Worker ID: 2, ITER: 4 FINISHED| PENDING"}
{"datetime": "2025-09-13 05:54:39 282645 PM", "level": "INFO", "func_name": "worker", "lineno": 69, "filename": "worker_pool.py", "msg": "Worker id: 2; receievd Job(id=16, result=None),16 Request to process"}
{"datetime": "2025-09-13 05:54:39 283232 PM", "level": "INFO", "func_name": "fetch", "lineno": 29, "filename": "worker_pool.py", "msg": "Fetching for 16"}
{"datetime": "2025-09-13 05:54:39 283514 PM", "level": "INFO", "func_name": "fetch", "lineno": 34, "filename": "worker_pool.py", "msg": "URL: https://xkcd.com/16/info.0.json"}
{"datetime": "2025-09-13 05:54:39 288695 PM", "level": "INFO", "func_name": "consolidater", "lineno": 93, "filename": "worker_pool.py", "msg": "-------------------------------------------------------- 12 ---------------------------------------------"}
{"datetime": "2025-09-13 05:54:39 289116 PM", "level": "INFO", "func_name": "consolidater", "lineno": 83, "filename": "worker_pool.py", "msg": "Queue size: 1"}
{"datetime": "2025-09-13 05:54:39 289450 PM", "level": "INFO", "func_name": "consolidater", "lineno": 88, "filename": "worker_pool.py", "msg": "Consolidate for Job ID: 10"}
{"datetime": "2025-09-13 05:54:39 289727 PM", "level": "INFO", "func_name": "consolidater", "lineno": 89, "filename": "worker_pool.py", "msg": "Consolodator received from Job(id=10, result={'month': '1', 'num': 10, 'link': '', 'year': '2006', 'news': '', 'safe_title': 'Pi Equals', 'transcript': 'Pi = 3.141592653589793helpimtrappedinauniversefactory7108914...', 'alt': 'My most famous drawing, and one of the first I did for the site', 'img': 'https://imgs.xkcd.com/comics/pi.jpg', 'title': 'Pi Equals', 'day': '1'}) from job.; Will await on req.result and then write it to file"}
{"datetime": "2025-09-13 05:54:39 291052 PM", "level": "INFO", "func_name": "worker", "lineno": 58, "filename": "worker_pool.py", "msg": "TASKS STATE AFTER: Worker ID: 4, ITER: 4 FINISHED| PENDING"}
{"datetime": "2025-09-13 05:54:39 291494 PM", "level": "INFO", "func_name": "worker", "lineno": 69, "filename": "worker_pool.py", "msg": "Worker id: 4; receievd Job(id=17, result=None),17 Request to process"}
{"datetime": "2025-09-13 05:54:39 291818 PM", "level": "INFO", "func_name": "fetch", "lineno": 29, "filename": "worker_pool.py", "msg": "Fetching for 17"}
{"datetime": "2025-09-13 05:54:39 292172 PM", "level": "INFO", "func_name": "fetch", "lineno": 34, "filename": "worker_pool.py", "msg": "URL: https://xkcd.com/17/info.0.json"}
{"datetime": "2025-09-13 05:54:39 299634 PM", "level": "INFO", "func_name": "consolidater", "lineno": 93, "filename": "worker_pool.py", "msg": "-------------------------------------------------------- 10 ---------------------------------------------"}
{"datetime": "2025-09-13 05:54:39 300104 PM", "level": "INFO", "func_name": "consolidater", "lineno": 83, "filename": "worker_pool.py", "msg": "Queue size: 0"}
{"datetime": "2025-09-13 05:54:39 630484 PM", "level": "INFO", "func_name": "worker", "lineno": 71, "filename": "worker_pool.py", "msg": "Worker id: 4; receieved result from src req.17 JOB ID"}
{"datetime": "2025-09-13 05:54:39 632525 PM", "level": "INFO", "func_name": "worker", "lineno": 73, "filename": "worker_pool.py", "msg": "Worker id: 4; put req in consolidate.17 JOB ID"}
{"datetime": "2025-09-13 05:54:39 633209 PM", "level": "INFO", "func_name": "worker", "lineno": 74, "filename": "worker_pool.py", "msg": "-------------------------------------------- 4 ------------------------------------------"}
{"datetime": "2025-09-13 05:54:39 635498 PM", "level": "INFO", "func_name": "worker", "lineno": 54, "filename": "worker_pool.py", "msg": "TASKS STATE: Worker ID: 4, ITER: 5 FINISHED| PENDING"}
{"datetime": "2025-09-13 05:54:39 637186 PM", "level": "INFO", "func_name": "worker", "lineno": 71, "filename": "worker_pool.py", "msg": "Worker id: 3; receieved result from src req.15 JOB ID"}
{"datetime": "2025-09-13 05:54:39 637702 PM", "level": "INFO", "func_name": "worker", "lineno": 73, "filename": "worker_pool.py", "msg": "Worker id: 3; put req in consolidate.15 JOB ID"}
{"datetime": "2025-09-13 05:54:39 638447 PM", "level": "INFO", "func_name": "worker", "lineno": 74, "filename": "worker_pool.py", "msg": "-------------------------------------------- 3 ------------------------------------------"}
{"datetime": "2025-09-13 05:54:39 639987 PM", "level": "INFO", "func_name": "worker", "lineno": 54, "filename": "worker_pool.py", "msg": "TASKS STATE: Worker ID: 3, ITER: 5 FINISHED| PENDING"}
{"datetime": "2025-09-13 05:54:39 640989 PM", "level": "INFO", "func_name": "consolidater", "lineno": 88, "filename": "worker_pool.py", "msg": "Consolidate for Job ID: 17"}
{"datetime": "2025-09-13 05:54:39 641351 PM", "level": "INFO", "func_name": "consolidater", "lineno": 89, "filename": "worker_pool.py", "msg": "Consolodator received from Job(id=17, result={'month': '1', 'num': 17, 'link': '', 'year': '2006', 'news': '', 'safe_title': 'What If', 'transcript': \"[[A large black circle with white bubbles inside it, filled with hearts, question marks, and stick figure couples]]\\nWhat if this isn't everything it should be?\\nI'm not even sure how I feel\\nWhat if I'm making a mistake?\\n{{Title text: I once made an anniversary card for my then-girlfriend with this layout.}}\", 'alt': 'I once made an anniversary card for my then-girlfriend with this layout.', 'img': 'https://imgs.xkcd.com/comics/what_if.jpg', 'title': 'What If', 'day': '1'}) from job.; Will await on req.result and then write it to file"}
{"datetime": "2025-09-13 05:54:39 644499 PM", "level": "INFO", "func_name": "consolidater", "lineno": 93, "filename": "worker_pool.py", "msg": "-------------------------------------------------------- 17 ---------------------------------------------"}
{"datetime": "2025-09-13 05:54:39 646256 PM", "level": "INFO", "func_name": "consolidater", "lineno": 83, "filename": "worker_pool.py", "msg": "Queue size: 1"}
{"datetime": "2025-09-13 05:54:39 647470 PM", "level": "INFO", "func_name": "consolidater", "lineno": 88, "filename": "worker_pool.py", "msg": "Consolidate for Job ID: 15"}
{"datetime": "2025-09-13 05:54:39 648148 PM", "level": "INFO", "func_name": "consolidater", "lineno": 89, "filename": "worker_pool.py", "msg": "Consolodator received from Job(id=15, result={'month': '1', 'num': 15, 'link': '', 'year': '2006', 'news': '', 'safe_title': 'Just Alerting You', 'transcript': '[[There is a man standing on top of a dinosaur (Brontosaurus?) and holding reins to the dinosaurs head.]]\\nMan: Before you talk to me, I should warn you: I am kind of strange\\n{{title text: Just thought you should know}}', 'alt': 'Just thought you should know', 'img': 'https://imgs.xkcd.com/comics/just_alerting_you.jpg', 'title': 'Just Alerting You', 'day': '1'}) from job.; Will await on req.result and then write it to file"}
{"datetime": "2025-09-13 05:54:39 651412 PM", "level": "INFO", "func_name": "worker", "lineno": 58, "filename": "worker_pool.py", "msg": "TASKS STATE AFTER: Worker ID: 4, ITER: 5 FINISHED| PENDING"}
{"datetime": "2025-09-13 05:54:39 651771 PM", "level": "INFO", "func_name": "worker", "lineno": 69, "filename": "worker_pool.py", "msg": "Worker id: 4; receievd Job(id=18, result=None),18 Request to process"}
{"datetime": "2025-09-13 05:54:39 652428 PM", "level": "INFO", "func_name": "fetch", "lineno": 29, "filename": "worker_pool.py", "msg": "Fetching for 18"}
{"datetime": "2025-09-13 05:54:39 652782 PM", "level": "INFO", "func_name": "fetch", "lineno": 34, "filename": "worker_pool.py", "msg": "URL: https://xkcd.com/18/info.0.json"}
{"datetime": "2025-09-13 05:54:39 657212 PM", "level": "INFO", "func_name": "worker", "lineno": 58, "filename": "worker_pool.py", "msg": "TASKS STATE AFTER: Worker ID: 3, ITER: 5 FINISHED| PENDING"}
{"datetime": "2025-09-13 05:54:39 657673 PM", "level": "INFO", "func_name": "worker", "lineno": 69, "filename": "worker_pool.py", "msg": "Worker id: 3; receievd Job(id=19, result=None),19 Request to process"}
{"datetime": "2025-09-13 05:54:39 658228 PM", "level": "INFO", "func_name": "fetch", "lineno": 29, "filename": "worker_pool.py", "msg": "Fetching for 19"}
{"datetime": "2025-09-13 05:54:39 658598 PM", "level": "INFO", "func_name": "fetch", "lineno": 34, "filename": "worker_pool.py", "msg": "URL: https://xkcd.com/19/info.0.json"}
{"datetime": "2025-09-13 05:54:39 665418 PM", "level": "INFO", "func_name": "consolidater", "lineno": 93, "filename": "worker_pool.py", "msg": "-------------------------------------------------------- 15 ---------------------------------------------"}
{"datetime": "2025-09-13 05:54:39 665835 PM", "level": "INFO", "func_name": "consolidater", "lineno": 83, "filename": "worker_pool.py", "msg": "Queue size: 0"}
{"datetime": "2025-09-13 05:54:39 685392 PM", "level": "INFO", "func_name": "worker", "lineno": 71, "filename": "worker_pool.py", "msg": "Worker id: 1; receieved result from src req.14 JOB ID"}
{"datetime": "2025-09-13 05:54:39 686275 PM", "level": "INFO", "func_name": "worker", "lineno": 73, "filename": "worker_pool.py", "msg": "Worker id: 1; put req in consolidate.14 JOB ID"}
{"datetime": "2025-09-13 05:54:39 686657 PM", "level": "INFO", "func_name": "worker", "lineno": 61, "filename": "worker_pool.py", "msg": "Worker id: 1; received signal to STOP"}
{"datetime": "2025-09-13 05:54:39 689695 PM", "level": "INFO", "func_name": "consolidater", "lineno": 88, "filename": "worker_pool.py", "msg": "Consolidate for Job ID: 14"}
{"datetime": "2025-09-13 05:54:39 690129 PM", "level": "INFO", "func_name": "consolidater", "lineno": 89, "filename": "worker_pool.py", "msg": "Consolodator received from Job(id=14, result={'month': '1', 'num': 14, 'link': '', 'year': '2006', 'news': '', 'safe_title': 'Copyright', 'transcript': \"[[Colored drawing of a hilly grassy landscape, stick figure leaning against a tree.]]\\nMan: Sometimes I just can't get outraged over copyright law\\n{{Alt: After reading Slashdot and BoingBoing, sometimes I have to go outside.}}\", 'alt': 'After reading Slashdot and BoingBoing, sometimes I have to go outside.', 'img': 'https://imgs.xkcd.com/comics/copyright.jpg', 'title': 'Copyright', 'day': '1'}) from job.; Will await on req.result and then write it to file"}
{"datetime": "2025-09-13 05:54:39 693807 PM", "level": "INFO", "func_name": "consolidater", "lineno": 93, "filename": "worker_pool.py", "msg": "-------------------------------------------------------- 14 ---------------------------------------------"}
{"datetime": "2025-09-13 05:54:39 694789 PM", "level": "INFO", "func_name": "consolidater", "lineno": 83, "filename": "worker_pool.py", "msg": "Queue size: 0"}
{"datetime": "2025-09-13 05:54:39 700393 PM", "level": "INFO", "func_name": "consolidater", "lineno": 86, "filename": "worker_pool.py", "msg": "Consolidator complete now stops."}
{"datetime": "2025-09-13 05:54:39 795237 PM", "level": "INFO", "func_name": "worker", "lineno": 71, "filename": "worker_pool.py", "msg": "Worker id: 5; receieved result from src req.11 JOB ID"}
{"datetime": "2025-09-13 05:54:39 806788 PM", "level": "INFO", "func_name": "worker", "lineno": 73, "filename": "worker_pool.py", "msg": "Worker id: 5; put req in consolidate.11 JOB ID"}
{"datetime": "2025-09-13 05:54:39 807887 PM", "level": "INFO", "func_name": "worker", "lineno": 74, "filename": "worker_pool.py", "msg": "-------------------------------------------- 5 ------------------------------------------"}
{"datetime": "2025-09-13 05:54:39 811048 PM", "level": "INFO", "func_name": "worker", "lineno": 54, "filename": "worker_pool.py", "msg": "TASKS STATE: Worker ID: 5, ITER: 4 FINISHED| PENDING"}
{"datetime": "2025-09-13 05:54:39 813845 PM", "level": "INFO", "func_name": "worker", "lineno": 58, "filename": "worker_pool.py", "msg": "TASKS STATE AFTER: Worker ID: 5, ITER: 4 FINISHED| PENDING"}
{"datetime": "2025-09-13 05:54:39 814638 PM", "level": "INFO", "func_name": "worker", "lineno": 69, "filename": "worker_pool.py", "msg": "Worker id: 5; receievd Job(id=20, result=None),20 Request to process"}
{"datetime": "2025-09-13 05:54:39 815493 PM", "level": "INFO", "func_name": "fetch", "lineno": 29, "filename": "worker_pool.py", "msg": "Fetching for 20"}
{"datetime": "2025-09-13 05:54:39 816201 PM", "level": "INFO", "func_name": "fetch", "lineno": 34, "filename": "worker_pool.py", "msg": "URL: https://xkcd.com/20/info.0.json"}
{"datetime": "2025-09-13 05:54:39 933158 PM", "level": "INFO", "func_name": "worker", "lineno": 71, "filename": "worker_pool.py", "msg": "Worker id: 4; receieved result from src req.18 JOB ID"}
{"datetime": "2025-09-13 05:54:39 934452 PM", "level": "INFO", "func_name": "worker", "lineno": 73, "filename": "worker_pool.py", "msg": "Worker id: 4; put req in consolidate.18 JOB ID"}
{"datetime": "2025-09-13 05:54:39 935586 PM", "level": "INFO", "func_name": "worker", "lineno": 74, "filename": "worker_pool.py", "msg": "-------------------------------------------- 4 ------------------------------------------"}
{"datetime": "2025-09-13 05:54:39 938696 PM", "level": "INFO", "func_name": "worker", "lineno": 54, "filename": "worker_pool.py", "msg": "TASKS STATE: Worker ID: 4, ITER: 6 FINISHED| PENDING"}
{"datetime": "2025-09-13 05:54:39 943704 PM", "level": "INFO", "func_name": "worker", "lineno": 58, "filename": "worker_pool.py", "msg": "TASKS STATE AFTER: Worker ID: 4, ITER: 6 FINISHED| PENDING"}
{"datetime": "2025-09-13 05:54:39 945222 PM", "level": "INFO", "func_name": "worker", "lineno": 69, "filename": "worker_pool.py", "msg": "Worker id: 4; receievd Job(id=21, result=None),21 Request to process"}
{"datetime": "2025-09-13 05:54:39 946554 PM", "level": "INFO", "func_name": "fetch", "lineno": 29, "filename": "worker_pool.py", "msg": "Fetching for 21"}
{"datetime": "2025-09-13 05:54:39 947577 PM", "level": "INFO", "func_name": "fetch", "lineno": 34, "filename": "worker_pool.py", "msg": "URL: https://xkcd.com/21/info.0.json"}
{"datetime": "2025-09-13 05:54:40 136274 PM", "level": "INFO", "func_name": "worker", "lineno": 71, "filename": "worker_pool.py", "msg": "Worker id: 2; receieved result from src req.16 JOB ID"}
{"datetime": "2025-09-13 05:54:40 137485 PM", "level": "INFO", "func_name": "worker", "lineno": 73, "filename": "worker_pool.py", "msg": "Worker id: 2; put req in consolidate.16 JOB ID"}
{"datetime": "2025-09-13 05:54:40 138607 PM", "level": "INFO", "func_name": "worker", "lineno": 74, "filename": "worker_pool.py", "msg": "-------------------------------------------- 2 ------------------------------------------"}
{"datetime": "2025-09-13 05:54:40 141495 PM", "level": "INFO", "func_name": "worker", "lineno": 54, "filename": "worker_pool.py", "msg": "TASKS STATE: Worker ID: 2, ITER: 5 FINISHED| FINISHED"}
{"datetime": "2025-09-13 05:54:40 147831 PM", "level": "INFO", "func_name": "worker", "lineno": 58, "filename": "worker_pool.py", "msg": "TASKS STATE AFTER: Worker ID: 2, ITER: 5 FINISHED| FINISHED"}
{"datetime": "2025-09-13 05:54:40 148686 PM", "level": "INFO", "func_name": "worker", "lineno": 69, "filename": "worker_pool.py", "msg": "Worker id: 2; receievd Job(id=22, result=None),22 Request to process"}
{"datetime": "2025-09-13 05:54:40 149619 PM", "level": "INFO", "func_name": "fetch", "lineno": 29, "filename": "worker_pool.py", "msg": "Fetching for 22"}
{"datetime": "2025-09-13 05:54:40 150290 PM", "level": "INFO", "func_name": "fetch", "lineno": 34, "filename": "worker_pool.py", "msg": "URL: https://xkcd.com/22/info.0.json"}
{"datetime": "2025-09-13 05:54:40 422176 PM", "level": "INFO", "func_name": "worker", "lineno": 71, "filename": "worker_pool.py", "msg": "Worker id: 2; receieved result from src req.22 JOB ID"}
{"datetime": "2025-09-13 05:54:40 426618 PM", "level": "INFO", "func_name": "worker", "lineno": 73, "filename": "worker_pool.py", "msg": "Worker id: 2; put req in consolidate.22 JOB ID"}
{"datetime": "2025-09-13 05:54:40 428313 PM", "level": "INFO", "func_name": "worker", "lineno": 61, "filename": "worker_pool.py", "msg": "Worker id: 2; received signal to STOP"}
{"datetime": "2025-09-13 05:54:40 475477 PM", "level": "INFO", "func_name": "worker", "lineno": 71, "filename": "worker_pool.py", "msg": "Worker id: 3; receieved result from src req.19 JOB ID"}
{"datetime": "2025-09-13 05:54:40 476352 PM", "level": "INFO", "func_name": "worker", "lineno": 73, "filename": "worker_pool.py", "msg": "Worker id: 3; put req in consolidate.19 JOB ID"}
{"datetime": "2025-09-13 05:54:40 477012 PM", "level": "INFO", "func_name": "worker", "lineno": 74, "filename": "worker_pool.py", "msg": "-------------------------------------------- 3 ------------------------------------------"}
{"datetime": "2025-09-13 05:54:40 478853 PM", "level": "INFO", "func_name": "worker", "lineno": 54, "filename": "worker_pool.py", "msg": "TASKS STATE: Worker ID: 3, ITER: 6 FINISHED| FINISHED"}
{"datetime": "2025-09-13 05:54:40 481127 PM", "level": "INFO", "func_name": "worker", "lineno": 58, "filename": "worker_pool.py", "msg": "TASKS STATE AFTER: Worker ID: 3, ITER: 6 FINISHED| FINISHED"}
{"datetime": "2025-09-13 05:54:40 481543 PM", "level": "INFO", "func_name": "worker", "lineno": 61, "filename": "worker_pool.py", "msg": "Worker id: 3; received signal to STOP"}
{"datetime": "2025-09-13 05:54:40 754816 PM", "level": "INFO", "func_name": "worker", "lineno": 71, "filename": "worker_pool.py", "msg": "Worker id: 5; receieved result from src req.20 JOB ID"}
{"datetime": "2025-09-13 05:54:40 756673 PM", "level": "INFO", "func_name": "worker", "lineno": 73, "filename": "worker_pool.py", "msg": "Worker id: 5; put req in consolidate.20 JOB ID"}
{"datetime": "2025-09-13 05:54:40 757813 PM", "level": "INFO", "func_name": "worker", "lineno": 74, "filename": "worker_pool.py", "msg": "-------------------------------------------- 5 ------------------------------------------"}
{"datetime": "2025-09-13 05:54:40 760941 PM", "level": "INFO", "func_name": "worker", "lineno": 54, "filename": "worker_pool.py", "msg": "TASKS STATE: Worker ID: 5, ITER: 5 FINISHED| PENDING"}
{"datetime": "2025-09-13 05:54:40 763732 PM", "level": "INFO", "func_name": "worker", "lineno": 71, "filename": "worker_pool.py", "msg": "Worker id: 4; receieved result from src req.21 JOB ID"}
{"datetime": "2025-09-13 05:54:40 764852 PM", "level": "INFO", "func_name": "worker", "lineno": 73, "filename": "worker_pool.py", "msg": "Worker id: 4; put req in consolidate.21 JOB ID"}
{"datetime": "2025-09-13 05:54:40 765676 PM", "level": "INFO", "func_name": "worker", "lineno": 74, "filename": "worker_pool.py", "msg": "-------------------------------------------- 4 ------------------------------------------"}
{"datetime": "2025-09-13 05:54:40 767311 PM", "level": "INFO", "func_name": "worker", "lineno": 54, "filename": "worker_pool.py", "msg": "TASKS STATE: Worker ID: 4, ITER: 7 FINISHED| FINISHED"}
{"datetime": "2025-09-13 05:54:40 770361 PM", "level": "INFO", "func_name": "worker", "lineno": 58, "filename": "worker_pool.py", "msg": "TASKS STATE AFTER: Worker ID: 4, ITER: 7 FINISHED| FINISHED"}
{"datetime": "2025-09-13 05:54:40 770784 PM", "level": "INFO", "func_name": "worker", "lineno": 69, "filename": "worker_pool.py", "msg": "Worker id: 4; receievd Job(id=25, result=None),25 Request to process"}
{"datetime": "2025-09-13 05:54:40 771689 PM", "level": "INFO", "func_name": "fetch", "lineno": 29, "filename": "worker_pool.py", "msg": "Fetching for 25"}
{"datetime": "2025-09-13 05:54:40 772141 PM", "level": "INFO", "func_name": "fetch", "lineno": 34, "filename": "worker_pool.py", "msg": "URL: https://xkcd.com/25/info.0.json"}
{"datetime": "2025-09-13 05:54:40 780631 PM", "level": "INFO", "func_name": "worker", "lineno": 58, "filename": "worker_pool.py", "msg": "TASKS STATE AFTER: Worker ID: 5, ITER: 5 FINISHED| PENDING"}
{"datetime": "2025-09-13 05:54:40 781158 PM", "level": "INFO", "func_name": "worker", "lineno": 69, "filename": "worker_pool.py", "msg": "Worker id: 5; receievd Job(id=24, result=None),24 Request to process"}
{"datetime": "2025-09-13 05:54:40 781619 PM", "level": "INFO", "func_name": "fetch", "lineno": 29, "filename": "worker_pool.py", "msg": "Fetching for 24"}
{"datetime": "2025-09-13 05:54:40 782009 PM", "level": "INFO", "func_name": "fetch", "lineno": 34, "filename": "worker_pool.py", "msg": "URL: https://xkcd.com/24/info.0.json"}
{"datetime": "2025-09-13 05:54:41 058294 PM", "level": "INFO", "func_name": "worker", "lineno": 71, "filename": "worker_pool.py", "msg": "Worker id: 5; receieved result from src req.24 JOB ID"}
{"datetime": "2025-09-13 05:54:41 059437 PM", "level": "INFO", "func_name": "worker", "lineno": 73, "filename": "worker_pool.py", "msg": "Worker id: 5; put req in consolidate.24 JOB ID"}
{"datetime": "2025-09-13 05:54:41 060442 PM", "level": "INFO", "func_name": "worker", "lineno": 74, "filename": "worker_pool.py", "msg": "-------------------------------------------- 5 ------------------------------------------"}
{"datetime": "2025-09-13 05:54:41 063310 PM", "level": "INFO", "func_name": "worker", "lineno": 54, "filename": "worker_pool.py", "msg": "TASKS STATE: Worker ID: 5, ITER: 6 FINISHED| PENDING"}
{"datetime": "2025-09-13 05:54:41 067875 PM", "level": "INFO", "func_name": "worker", "lineno": 58, "filename": "worker_pool.py", "msg": "TASKS STATE AFTER: Worker ID: 5, ITER: 6 FINISHED| PENDING"}
{"datetime": "2025-09-13 05:54:41 068990 PM", "level": "INFO", "func_name": "worker", "lineno": 69, "filename": "worker_pool.py", "msg": "Worker id: 5; receievd Job(id=26, result=None),26 Request to process"}
{"datetime": "2025-09-13 05:54:41 069748 PM", "level": "INFO", "func_name": "fetch", "lineno": 29, "filename": "worker_pool.py", "msg": "Fetching for 26"}
{"datetime": "2025-09-13 05:54:41 070501 PM", "level": "INFO", "func_name": "fetch", "lineno": 34, "filename": "worker_pool.py", "msg": "URL: https://xkcd.com/26/info.0.json"}
{"datetime": "2025-09-13 05:54:41 366691 PM", "level": "INFO", "func_name": "worker", "lineno": 71, "filename": "worker_pool.py", "msg": "Worker id: 5; receieved result from src req.26 JOB ID"}
{"datetime": "2025-09-13 05:54:41 367990 PM", "level": "INFO", "func_name": "worker", "lineno": 73, "filename": "worker_pool.py", "msg": "Worker id: 5; put req in consolidate.26 JOB ID"}
{"datetime": "2025-09-13 05:54:41 369050 PM", "level": "INFO", "func_name": "worker", "lineno": 74, "filename": "worker_pool.py", "msg": "-------------------------------------------- 5 ------------------------------------------"}
{"datetime": "2025-09-13 05:54:41 371941 PM", "level": "INFO", "func_name": "worker", "lineno": 54, "filename": "worker_pool.py", "msg": "TASKS STATE: Worker ID: 5, ITER: 7 FINISHED| PENDING"}
{"datetime": "2025-09-13 05:54:41 375806 PM", "level": "INFO", "func_name": "worker", "lineno": 58, "filename": "worker_pool.py", "msg": "TASKS STATE AFTER: Worker ID: 5, ITER: 7 FINISHED| PENDING"}
{"datetime": "2025-09-13 05:54:41 376477 PM", "level": "INFO", "func_name": "worker", "lineno": 69, "filename": "worker_pool.py", "msg": "Worker id: 5; receievd Job(id=27, result=None),27 Request to process"}
{"datetime": "2025-09-13 05:54:41 377122 PM", "level": "INFO", "func_name": "fetch", "lineno": 29, "filename": "worker_pool.py", "msg": "Fetching for 27"}
{"datetime": "2025-09-13 05:54:41 377517 PM", "level": "INFO", "func_name": "fetch", "lineno": 34, "filename": "worker_pool.py", "msg": "URL: https://xkcd.com/27/info.0.json"}
{"datetime": "2025-09-13 05:54:41 673173 PM", "level": "INFO", "func_name": "worker", "lineno": 71, "filename": "worker_pool.py", "msg": "Worker id: 5; receieved result from src req.27 JOB ID"}
{"datetime": "2025-09-13 05:54:41 674460 PM", "level": "INFO", "func_name": "worker", "lineno": 73, "filename": "worker_pool.py", "msg": "Worker id: 5; put req in consolidate.27 JOB ID"}
{"datetime": "2025-09-13 05:54:41 675433 PM", "level": "INFO", "func_name": "worker", "lineno": 74, "filename": "worker_pool.py", "msg": "-------------------------------------------- 5 ------------------------------------------"}
{"datetime": "2025-09-13 05:54:41 678209 PM", "level": "INFO", "func_name": "worker", "lineno": 54, "filename": "worker_pool.py", "msg": "TASKS STATE: Worker ID: 5, ITER: 8 FINISHED| PENDING"}
{"datetime": "2025-09-13 05:54:41 681757 PM", "level": "INFO", "func_name": "worker", "lineno": 58, "filename": "worker_pool.py", "msg": "TASKS STATE AFTER: Worker ID: 5, ITER: 8 FINISHED| PENDING"}
{"datetime": "2025-09-13 05:54:41 682518 PM", "level": "INFO", "func_name": "worker", "lineno": 69, "filename": "worker_pool.py", "msg": "Worker id: 5; receievd Job(id=28, result=None),28 Request to process"}
{"datetime": "2025-09-13 05:54:41 683688 PM", "level": "INFO", "func_name": "fetch", "lineno": 29, "filename": "worker_pool.py", "msg": "Fetching for 28"}
{"datetime": "2025-09-13 05:54:41 684640 PM", "level": "INFO", "func_name": "fetch", "lineno": 34, "filename": "worker_pool.py", "msg": "URL: https://xkcd.com/28/info.0.json"}
{"datetime": "2025-09-13 05:54:41 846577 PM", "level": "INFO", "func_name": "worker", "lineno": 71, "filename": "worker_pool.py", "msg": "Worker id: 4; receieved result from src req.25 JOB ID"}
{"datetime": "2025-09-13 05:54:41 847788 PM", "level": "INFO", "func_name": "worker", "lineno": 73, "filename": "worker_pool.py", "msg": "Worker id: 4; put req in consolidate.25 JOB ID"}
{"datetime": "2025-09-13 05:54:41 848924 PM", "level": "INFO", "func_name": "worker", "lineno": 61, "filename": "worker_pool.py", "msg": "Worker id: 4; received signal to STOP"}
{"datetime": "2025-09-13 05:54:41 961913 PM", "level": "INFO", "func_name": "worker", "lineno": 71, "filename": "worker_pool.py", "msg": "Worker id: 5; receieved result from src req.28 JOB ID"}
{"datetime": "2025-09-13 05:54:41 963041 PM", "level": "INFO", "func_name": "worker", "lineno": 73, "filename": "worker_pool.py", "msg": "Worker id: 5; put req in consolidate.28 JOB ID"}
{"datetime": "2025-09-13 05:54:41 964155 PM", "level": "INFO", "func_name": "worker", "lineno": 74, "filename": "worker_pool.py", "msg": "-------------------------------------------- 5 ------------------------------------------"}
{"datetime": "2025-09-13 05:54:41 967188 PM", "level": "INFO", "func_name": "worker", "lineno": 54, "filename": "worker_pool.py", "msg": "TASKS STATE: Worker ID: 5, ITER: 9 FINISHED| FINISHED"}
{"datetime": "2025-09-13 05:54:41 972138 PM", "level": "INFO", "func_name": "worker", "lineno": 58, "filename": "worker_pool.py", "msg": "TASKS STATE AFTER: Worker ID: 5, ITER: 9 FINISHED| FINISHED"}
{"datetime": "2025-09-13 05:54:41 973367 PM", "level": "INFO", "func_name": "worker", "lineno": 61, "filename": "worker_pool.py", "msg": "Worker id: 5; received signal to STOP"}
{"datetime": "2025-09-13 05:54:41 985069 PM", "level": "INFO", "func_name": "main", "lineno": 118, "filename": "worker_pool.py", "msg": "Completed at 5.16 Seconds"}
